Using pre-set license
Built from '2020.3/staging' branch; Version is '2020.3.6f1 (338bb68529b2) revision 3378102'; Using compiler version '192528614'; Build Type 'Release'
OS: 'Windows 10 Home; OS build 19042.1052; Version 2009; 64bit' Language: 'en' Physical Memory: 16230 MB
BatchMode: 1, IsHumanControllingUs: 0, StartBugReporterOnCrash: 0, Is64bit: 1, IsPro: 0

 COMMAND LINE ARGUMENTS:
C:\Program Files\Unity\Hub\Editor\2020.3.4f1\Editor\Unity.exe
-adb2
-batchMode
-noUpm
-name
AssetImportWorker0
-projectPath
C:/Users/soulc/Documents/NJIT Task Final
-logFile
Logs/AssetImportWorker0.log
-srvPort
56518
Successfully changed project path to: C:/Users/soulc/Documents/NJIT Task Final
C:/Users/soulc/Documents/NJIT Task Final
Using Asset Import Pipeline V2.
Refreshing native plugins compatible for Editor in 30.74 ms, found 0 plugins.
Preloading 0 native plugins for Editor in 0.00 ms.
Initialize engine version: 2020.3.6f1 (338bb68529b2)
[Subsystems] Discovering subsystems at path C:/Program Files/Unity/Hub/Editor/2020.3.4f1/Editor/Data/Resources/UnitySubsystems
[Subsystems] Discovering subsystems at path C:/Users/soulc/Documents/NJIT Task Final/Assets
GfxDevice: creating device client; threaded=0
Direct3D:
    Version:  Direct3D 11.0 [level 11.1]
    Renderer: NVIDIA GeForce GTX 1070 with Max-Q Design (ID=0x1ba1)
    Vendor:   
    VRAM:     8081 MB
    Driver:   27.21.14.6677
Initialize mono
Mono path[0] = 'C:/Program Files/Unity/Hub/Editor/2020.3.4f1/Editor/Data/Managed'
Mono path[1] = 'C:/Program Files/Unity/Hub/Editor/2020.3.4f1/Editor/Data/MonoBleedingEdge/lib/mono/unityjit'
Mono config path = 'C:/Program Files/Unity/Hub/Editor/2020.3.4f1/Editor/Data/MonoBleedingEdge/etc'
Using monoOptions --debugger-agent=transport=dt_socket,embedding=1,server=y,suspend=n,address=127.0.0.1:56908
Begin MonoManager ReloadAssembly
Registering precompiled unity dll's ...
Register platform support module: C:/Program Files/Unity/Hub/Editor/2020.3.4f1/Editor/Data/PlaybackEngines/WindowsStandaloneSupport/UnityEditor.WindowsStandalone.Extensions.dll
Registered in 0.004843 seconds.
Native extension for WindowsStandalone target not found
Refreshing native plugins compatible for Editor in 57.54 ms, found 0 plugins.
Preloading 0 native plugins for Editor in 0.00 ms.
Mono: successfully reloaded assembly
- Completed reload, in  2.069 seconds
Platform modules already initialized, skipping
Registering precompiled user dll's ...
Registered in 0.001729 seconds.
Begin MonoManager ReloadAssembly
Native extension for WindowsStandalone target not found
Refreshing native plugins compatible for Editor in 0.37 ms, found 0 plugins.
Preloading 0 native plugins for Editor in 0.00 ms.
Mono: successfully reloaded assembly
- Completed reload, in  1.832 seconds
Platform modules already initialized, skipping
========================================================================
Worker process is ready to serve import requests
Launched and connected shader compiler UnityShaderCompiler.exe after 0.12 seconds
Refreshing native plugins compatible for Editor in 0.25 ms, found 0 plugins.
Preloading 0 native plugins for Editor in 0.00 ms.
Unloading 1120 Unused Serialized files (Serialized files now loaded: 0)
System memory in use before: 58.4 MB.
System memory in use after: 58.4 MB.

Unloading 10 unused Assets to reduce memory usage. Loaded Objects now: 1566.
Total: 2.185200 ms (FindLiveObjects: 0.302300 ms CreateObjectMapping: 0.091600 ms MarkObjects: 1.699300 ms  DeleteObjects: 0.090500 ms)

========================================================================
Received Import Request.
  path: Assets/Script/CarMovement.cs
  artifactKey: Guid(37d1def44071cb6499556611f1936a06) Importer(815301076,1909f56bfc062723c751e8b465ee728b)
Start importing Assets/Script/CarMovement.cs using Guid(37d1def44071cb6499556611f1936a06) Importer(815301076,1909f56bfc062723c751e8b465ee728b)  -> (artifact id: '821b708c199c387f336bbe56039607db') in 0.059653 seconds
  Import took 0.062560 seconds .

========================================================================
Received Prepare
Registering precompiled user dll's ...
Registered in 0.002008 seconds.
Begin MonoManager ReloadAssembly
Native extension for WindowsStandalone target not found
Refreshing native plugins compatible for Editor in 0.22 ms, found 0 plugins.
Preloading 0 native plugins for Editor in 0.00 ms.
Mono: successfully reloaded assembly
- Completed reload, in  1.125 seconds
Platform modules already initialized, skipping
Refreshing native plugins compatible for Editor in 0.22 ms, found 0 plugins.
Preloading 0 native plugins for Editor in 0.00 ms.
Unloading 1115 Unused Serialized files (Serialized files now loaded: 0)
System memory in use before: 58.3 MB.
System memory in use after: 58.4 MB.

Unloading 5 unused Assets to reduce memory usage. Loaded Objects now: 1569.
Total: 2.923600 ms (FindLiveObjects: 0.325200 ms CreateObjectMapping: 0.074200 ms MarkObjects: 2.463100 ms  DeleteObjects: 0.059100 ms)

========================================================================
Received Prepare
Registering precompiled user dll's ...
Registered in 0.001708 seconds.
Begin MonoManager ReloadAssembly
Native extension for WindowsStandalone target not found
Refreshing native plugins compatible for Editor in 0.23 ms, found 0 plugins.
Preloading 0 native plugins for Editor in 0.00 ms.
Mono: successfully reloaded assembly
- Completed reload, in  1.175 seconds
Platform modules already initialized, skipping
Refreshing native plugins compatible for Editor in 0.22 ms, found 0 plugins.
Preloading 0 native plugins for Editor in 0.00 ms.
Unloading 1115 Unused Serialized files (Serialized files now loaded: 0)
System memory in use before: 58.3 MB.
System memory in use after: 58.4 MB.

Unloading 5 unused Assets to reduce memory usage. Loaded Objects now: 1572.
Total: 1.755900 ms (FindLiveObjects: 0.239800 ms CreateObjectMapping: 0.055300 ms MarkObjects: 1.398700 ms  DeleteObjects: 0.060300 ms)

========================================================================
Received Import Request.
  Time since last request: 270.249919 seconds.
  path: Assets/Vehicle_Essentials/Vehicle_Van
  artifactKey: Guid(06cbc0df9cbdc6743ba81878ae47f383) Importer(815301076,1909f56bfc062723c751e8b465ee728b)
Start importing Assets/Vehicle_Essentials/Vehicle_Van using Guid(06cbc0df9cbdc6743ba81878ae47f383) Importer(815301076,1909f56bfc062723c751e8b465ee728b)  -> (artifact id: 'd5a6ec73e63470f05804fd572e785ee5') in 0.009484 seconds
  Import took 0.012104 seconds .

========================================================================
Received Import Request.
  Time since last request: 1.343597 seconds.
  path: Assets/Vehicle_Essentials/Vehicle_Van/Vehicle_Van_Engine
  artifactKey: Guid(327a94feae4014346bddd99a15b47a70) Importer(815301076,1909f56bfc062723c751e8b465ee728b)
Start importing Assets/Vehicle_Essentials/Vehicle_Van/Vehicle_Van_Engine using Guid(327a94feae4014346bddd99a15b47a70) Importer(815301076,1909f56bfc062723c751e8b465ee728b)  -> (artifact id: '5532e3336118d17a8192f847d0ff3be5') in 0.013654 seconds
  Import took 0.016015 seconds .

========================================================================
Received Import Request.
  Time since last request: 0.446074 seconds.
  path: Assets/Vehicle_Essentials/Vehicle_Van/Vehicle_Van_Drive
  artifactKey: Guid(8e01f20967ad008418dd6b2728dd04c3) Importer(815301076,1909f56bfc062723c751e8b465ee728b)
Start importing Assets/Vehicle_Essentials/Vehicle_Van/Vehicle_Van_Drive using Guid(8e01f20967ad008418dd6b2728dd04c3) Importer(815301076,1909f56bfc062723c751e8b465ee728b)  -> (artifact id: '36319585b2079f8243fa06dcf1ad12a6') in 0.012841 seconds
  Import took 0.015415 seconds .

========================================================================
Received Import Request.
  Time since last request: 0.503673 seconds.
  path: Assets/Vehicle_Essentials/Vehicle_Van/Vehicle_Van_Body_Movement
  artifactKey: Guid(ace65b87843945b4aa94ea23e73bb548) Importer(815301076,1909f56bfc062723c751e8b465ee728b)
Start importing Assets/Vehicle_Essentials/Vehicle_Van/Vehicle_Van_Body_Movement using Guid(ace65b87843945b4aa94ea23e73bb548) Importer(815301076,1909f56bfc062723c751e8b465ee728b)  -> (artifact id: '10f5bc24e3a97ae04cbbf904c84a82fb') in 0.006480 seconds
  Import took 0.014325 seconds .

========================================================================
Received Import Request.
  Time since last request: 0.001191 seconds.
  path: Assets/Vehicle_Essentials/Vehicle_Van/Vehicle_Van_Body_Movement
  artifactKey: Guid(ace65b87843945b4aa94ea23e73bb548) Importer(815301076,1909f56bfc062723c751e8b465ee728b)
Start importing Assets/Vehicle_Essentials/Vehicle_Van/Vehicle_Van_Body_Movement using Guid(ace65b87843945b4aa94ea23e73bb548) Importer(815301076,1909f56bfc062723c751e8b465ee728b)  -> (artifact id: '10f5bc24e3a97ae04cbbf904c84a82fb') in 0.006224 seconds
  Import took 0.009295 seconds .

========================================================================
Received Import Request.
  Time since last request: 3.170906 seconds.
  path: Assets/Vehicle_Essentials/Vehicle_Car/Vehicle_Car_Warning
  artifactKey: Guid(84148ed7aa61b024b9eac478275f1754) Importer(815301076,1909f56bfc062723c751e8b465ee728b)
Start importing Assets/Vehicle_Essentials/Vehicle_Car/Vehicle_Car_Warning using Guid(84148ed7aa61b024b9eac478275f1754) Importer(815301076,1909f56bfc062723c751e8b465ee728b)  -> (artifact id: '81293dc8fb51f53283d13d72892ec000') in 0.012402 seconds
  Import took 0.015065 seconds .

========================================================================
Received Import Request.
  Time since last request: 0.840981 seconds.
  path: Assets/Vehicle_Essentials/Vehicle_Car/Vehicle_Car_Horns
  artifactKey: Guid(01d1c1dde266d124598bb16812209517) Importer(815301076,1909f56bfc062723c751e8b465ee728b)
Start importing Assets/Vehicle_Essentials/Vehicle_Car/Vehicle_Car_Horns using Guid(01d1c1dde266d124598bb16812209517) Importer(815301076,1909f56bfc062723c751e8b465ee728b)  -> (artifact id: '543e17eef68e042a54d7c1254575bdf9') in 0.007439 seconds
  Import took 0.010469 seconds .

========================================================================
Received Prepare
Registering precompiled user dll's ...
Registered in 0.001799 seconds.
Begin MonoManager ReloadAssembly
Native extension for WindowsStandalone target not found
Refreshing native plugins compatible for Editor in 0.24 ms, found 0 plugins.
Preloading 0 native plugins for Editor in 0.00 ms.
Mono: successfully reloaded assembly
- Completed reload, in  1.170 seconds
Platform modules already initialized, skipping
Refreshing native plugins compatible for Editor in 0.24 ms, found 0 plugins.
Preloading 0 native plugins for Editor in 0.00 ms.
Unloading 1115 Unused Serialized files (Serialized files now loaded: 0)
System memory in use before: 58.4 MB.
System memory in use after: 58.5 MB.

Unloading 5 unused Assets to reduce memory usage. Loaded Objects now: 1575.
Total: 2.690800 ms (FindLiveObjects: 0.214600 ms CreateObjectMapping: 0.049600 ms MarkObjects: 2.362300 ms  DeleteObjects: 0.062600 ms)

========================================================================
Received Prepare
Registering precompiled user dll's ...
Registered in 0.001913 seconds.
Begin MonoManager ReloadAssembly
Native extension for WindowsStandalone target not found
Refreshing native plugins compatible for Editor in 0.25 ms, found 0 plugins.
Preloading 0 native plugins for Editor in 0.00 ms.
Mono: successfully reloaded assembly
- Completed reload, in  1.410 seconds
Platform modules already initialized, skipping
Refreshing native plugins compatible for Editor in 0.42 ms, found 0 plugins.
Preloading 0 native plugins for Editor in 0.00 ms.
Unloading 1115 Unused Serialized files (Serialized files now loaded: 0)
System memory in use before: 58.4 MB.
System memory in use after: 58.5 MB.

Unloading 5 unused Assets to reduce memory usage. Loaded Objects now: 1578.
Total: 2.701600 ms (FindLiveObjects: 0.260000 ms CreateObjectMapping: 0.069400 ms MarkObjects: 2.292400 ms  DeleteObjects: 0.077400 ms)

========================================================================
Received Prepare
Registering precompiled user dll's ...
Registered in 0.001829 seconds.
Begin MonoManager ReloadAssembly
Native extension for WindowsStandalone target not found
Refreshing native plugins compatible for Editor in 0.45 ms, found 0 plugins.
Preloading 0 native plugins for Editor in 0.00 ms.
Mono: successfully reloaded assembly
- Completed reload, in  1.346 seconds
Platform modules already initialized, skipping
Refreshing native plugins compatible for Editor in 0.26 ms, found 0 plugins.
Preloading 0 native plugins for Editor in 0.00 ms.
Unloading 1115 Unused Serialized files (Serialized files now loaded: 0)
System memory in use before: 58.4 MB.
System memory in use after: 58.5 MB.

Unloading 5 unused Assets to reduce memory usage. Loaded Objects now: 1581.
Total: 2.544600 ms (FindLiveObjects: 0.177000 ms CreateObjectMapping: 0.056500 ms MarkObjects: 2.252500 ms  DeleteObjects: 0.056900 ms)

========================================================================
Received Prepare
Registering precompiled user dll's ...
Registered in 0.003816 seconds.
Begin MonoManager ReloadAssembly
Native extension for WindowsStandalone target not found
Refreshing native plugins compatible for Editor in 0.23 ms, found 0 plugins.
Preloading 0 native plugins for Editor in 0.00 ms.
Mono: successfully reloaded assembly
- Completed reload, in  1.049 seconds
Platform modules already initialized, skipping
Refreshing native plugins compatible for Editor in 0.27 ms, found 0 plugins.
Preloading 0 native plugins for Editor in 0.00 ms.
Unloading 1115 Unused Serialized files (Serialized files now loaded: 0)
System memory in use before: 58.4 MB.
System memory in use after: 58.5 MB.

Unloading 5 unused Assets to reduce memory usage. Loaded Objects now: 1584.
Total: 2.185100 ms (FindLiveObjects: 0.144600 ms CreateObjectMapping: 0.038600 ms MarkObjects: 1.939600 ms  DeleteObjects: 0.060800 ms)

========================================================================
Received Prepare
Registering precompiled user dll's ...
Registered in 0.002047 seconds.
Begin MonoManager ReloadAssembly
Native extension for WindowsStandalone target not found
Refreshing native plugins compatible for Editor in 0.24 ms, found 0 plugins.
Preloading 0 native plugins for Editor in 0.00 ms.
Mono: successfully reloaded assembly
- Completed reload, in  1.065 seconds
Platform modules already initialized, skipping
Refreshing native plugins compatible for Editor in 0.26 ms, found 0 plugins.
Preloading 0 native plugins for Editor in 0.00 ms.
Unloading 1115 Unused Serialized files (Serialized files now loaded: 0)
System memory in use before: 58.4 MB.
System memory in use after: 58.5 MB.

Unloading 5 unused Assets to reduce memory usage. Loaded Objects now: 1587.
Total: 2.508200 ms (FindLiveObjects: 0.239600 ms CreateObjectMapping: 0.091400 ms MarkObjects: 2.123400 ms  DeleteObjects: 0.052200 ms)

========================================================================
Received Prepare
Registering precompiled user dll's ...
Registered in 0.001532 seconds.
Begin MonoManager ReloadAssembly
Native extension for WindowsStandalone target not found
Refreshing native plugins compatible for Editor in 0.22 ms, found 0 plugins.
Preloading 0 native plugins for Editor in 0.00 ms.
Mono: successfully reloaded assembly
- Completed reload, in  1.034 seconds
Platform modules already initialized, skipping
Refreshing native plugins compatible for Editor in 0.30 ms, found 0 plugins.
Preloading 0 native plugins for Editor in 0.00 ms.
Unloading 1115 Unused Serialized files (Serialized files now loaded: 0)
System memory in use before: 58.4 MB.
System memory in use after: 58.5 MB.

Unloading 5 unused Assets to reduce memory usage. Loaded Objects now: 1590.
Total: 1.482800 ms (FindLiveObjects: 0.132800 ms CreateObjectMapping: 0.038600 ms MarkObjects: 1.263800 ms  DeleteObjects: 0.046400 ms)

========================================================================
Received Prepare
Registering precompiled user dll's ...
Registered in 0.001561 seconds.
Begin MonoManager ReloadAssembly
Native extension for WindowsStandalone target not found
Refreshing native plugins compatible for Editor in 0.24 ms, found 0 plugins.
Preloading 0 native plugins for Editor in 0.00 ms.
Mono: successfully reloaded assembly
- Completed reload, in  1.151 seconds
Platform modules already initialized, skipping
Refreshing native plugins compatible for Editor in 0.25 ms, found 0 plugins.
Preloading 0 native plugins for Editor in 0.00 ms.
Unloading 1115 Unused Serialized files (Serialized files now loaded: 0)
System memory in use before: 58.5 MB.
System memory in use after: 58.5 MB.

Unloading 5 unused Assets to reduce memory usage. Loaded Objects now: 1593.
Total: 1.960300 ms (FindLiveObjects: 0.208000 ms CreateObjectMapping: 0.057000 ms MarkObjects: 1.642800 ms  DeleteObjects: 0.051000 ms)

========================================================================
Received Prepare
Registering precompiled user dll's ...
Registered in 0.001625 seconds.
Begin MonoManager ReloadAssembly
Native extension for WindowsStandalone target not found
Refreshing native plugins compatible for Editor in 0.23 ms, found 0 plugins.
Preloading 0 native plugins for Editor in 0.00 ms.
Mono: successfully reloaded assembly
- Completed reload, in  0.953 seconds
Platform modules already initialized, skipping
Refreshing native plugins compatible for Editor in 0.23 ms, found 0 plugins.
Preloading 0 native plugins for Editor in 0.00 ms.
Unloading 1115 Unused Serialized files (Serialized files now loaded: 0)
System memory in use before: 58.5 MB.
System memory in use after: 58.5 MB.

Unloading 5 unused Assets to reduce memory usage. Loaded Objects now: 1596.
Total: 1.940900 ms (FindLiveObjects: 0.236600 ms CreateObjectMapping: 0.060800 ms MarkObjects: 1.581600 ms  DeleteObjects: 0.059400 ms)

========================================================================
Received Prepare
Registering precompiled user dll's ...
Registered in 0.001449 seconds.
Begin MonoManager ReloadAssembly
Native extension for WindowsStandalone target not found
Refreshing native plugins compatible for Editor in 0.40 ms, found 0 plugins.
Preloading 0 native plugins for Editor in 0.00 ms.
Mono: successfully reloaded assembly
- Completed reload, in  1.027 seconds
Platform modules already initialized, skipping
Refreshing native plugins compatible for Editor in 0.22 ms, found 0 plugins.
Preloading 0 native plugins for Editor in 0.00 ms.
Unloading 1115 Unused Serialized files (Serialized files now loaded: 0)
System memory in use before: 58.5 MB.
System memory in use after: 58.5 MB.

Unloading 5 unused Assets to reduce memory usage. Loaded Objects now: 1599.
Total: 2.076400 ms (FindLiveObjects: 0.302700 ms CreateObjectMapping: 0.103100 ms MarkObjects: 1.613600 ms  DeleteObjects: 0.055200 ms)

========================================================================
Received Prepare
Registering precompiled user dll's ...
Registered in 0.001786 seconds.
Begin MonoManager ReloadAssembly
Native extension for WindowsStandalone target not found
Refreshing native plugins compatible for Editor in 0.25 ms, found 0 plugins.
Preloading 0 native plugins for Editor in 0.00 ms.
Mono: successfully reloaded assembly
- Completed reload, in  1.161 seconds
Platform modules already initialized, skipping
Refreshing native plugins compatible for Editor in 0.22 ms, found 0 plugins.
Preloading 0 native plugins for Editor in 0.00 ms.
Unloading 1115 Unused Serialized files (Serialized files now loaded: 0)
System memory in use before: 58.5 MB.
System memory in use after: 58.5 MB.

Unloading 5 unused Assets to reduce memory usage. Loaded Objects now: 1602.
Total: 1.944100 ms (FindLiveObjects: 0.222400 ms CreateObjectMapping: 0.067000 ms MarkObjects: 1.585900 ms  DeleteObjects: 0.067600 ms)

========================================================================
Received Prepare
Registering precompiled user dll's ...
Registered in 0.001688 seconds.
Begin MonoManager ReloadAssembly
Native extension for WindowsStandalone target not found
Refreshing native plugins compatible for Editor in 0.23 ms, found 0 plugins.
Preloading 0 native plugins for Editor in 0.00 ms.
Mono: successfully reloaded assembly
- Completed reload, in  1.011 seconds
Platform modules already initialized, skipping
Refreshing native plugins compatible for Editor in 0.24 ms, found 0 plugins.
Preloading 0 native plugins for Editor in 0.00 ms.
Unloading 1115 Unused Serialized files (Serialized files now loaded: 0)
System memory in use before: 58.5 MB.
System memory in use after: 58.5 MB.

Unloading 5 unused Assets to reduce memory usage. Loaded Objects now: 1605.
Total: 2.550600 ms (FindLiveObjects: 0.253100 ms CreateObjectMapping: 0.078200 ms MarkObjects: 2.165500 ms  DeleteObjects: 0.052300 ms)

========================================================================
Received Prepare
Registering precompiled user dll's ...
Registered in 0.001737 seconds.
Begin MonoManager ReloadAssembly
Native extension for WindowsStandalone target not found
Refreshing native plugins compatible for Editor in 0.41 ms, found 0 plugins.
Preloading 0 native plugins for Editor in 0.00 ms.
Mono: successfully reloaded assembly
- Completed reload, in  1.043 seconds
Platform modules already initialized, skipping
Refreshing native plugins compatible for Editor in 0.22 ms, found 0 plugins.
Preloading 0 native plugins for Editor in 0.00 ms.
Unloading 1115 Unused Serialized files (Serialized files now loaded: 0)
System memory in use before: 58.5 MB.
System memory in use after: 58.5 MB.

Unloading 5 unused Assets to reduce memory usage. Loaded Objects now: 1608.
Total: 1.865600 ms (FindLiveObjects: 0.198800 ms CreateObjectMapping: 0.054200 ms MarkObjects: 1.560500 ms  DeleteObjects: 0.050500 ms)

========================================================================
Received Prepare
Registering precompiled user dll's ...
Registered in 0.001474 seconds.
Begin MonoManager ReloadAssembly
Native extension for WindowsStandalone target not found
Refreshing native plugins compatible for Editor in 0.22 ms, found 0 plugins.
Preloading 0 native plugins for Editor in 0.00 ms.
Mono: successfully reloaded assembly
- Completed reload, in  1.077 seconds
Platform modules already initialized, skipping
Refreshing native plugins compatible for Editor in 0.22 ms, found 0 plugins.
Preloading 0 native plugins for Editor in 0.00 ms.
Unloading 1115 Unused Serialized files (Serialized files now loaded: 0)
System memory in use before: 58.5 MB.
System memory in use after: 58.6 MB.

Unloading 5 unused Assets to reduce memory usage. Loaded Objects now: 1611.
Total: 1.651400 ms (FindLiveObjects: 0.149000 ms CreateObjectMapping: 0.039400 ms MarkObjects: 1.412100 ms  DeleteObjects: 0.049900 ms)

========================================================================
Received Prepare
Registering precompiled user dll's ...
Registered in 0.002170 seconds.
Begin MonoManager ReloadAssembly
Native extension for WindowsStandalone target not found
Refreshing native plugins compatible for Editor in 0.23 ms, found 0 plugins.
Preloading 0 native plugins for Editor in 0.00 ms.
Mono: successfully reloaded assembly
- Completed reload, in  1.013 seconds
Platform modules already initialized, skipping
Refreshing native plugins compatible for Editor in 0.27 ms, found 0 plugins.
Preloading 0 native plugins for Editor in 0.00 ms.
Unloading 1115 Unused Serialized files (Serialized files now loaded: 0)
System memory in use before: 58.5 MB.
System memory in use after: 58.6 MB.

Unloading 5 unused Assets to reduce memory usage. Loaded Objects now: 1614.
Total: 1.998600 ms (FindLiveObjects: 0.221900 ms CreateObjectMapping: 0.047500 ms MarkObjects: 1.671000 ms  DeleteObjects: 0.056500 ms)

========================================================================
Received Prepare
Registering precompiled user dll's ...
Registered in 0.001681 seconds.
Begin MonoManager ReloadAssembly
Native extension for WindowsStandalone target not found
Refreshing native plugins compatible for Editor in 0.25 ms, found 0 plugins.
Preloading 0 native plugins for Editor in 0.00 ms.
Mono: successfully reloaded assembly
- Completed reload, in  1.105 seconds
Platform modules already initialized, skipping
Refreshing native plugins compatible for Editor in 0.23 ms, found 0 plugins.
Preloading 0 native plugins for Editor in 0.00 ms.
Unloading 1115 Unused Serialized files (Serialized files now loaded: 0)
System memory in use before: 58.5 MB.
System memory in use after: 58.6 MB.

Unloading 5 unused Assets to reduce memory usage. Loaded Objects now: 1617.
Total: 2.001300 ms (FindLiveObjects: 0.207500 ms CreateObjectMapping: 0.063700 ms MarkObjects: 1.676400 ms  DeleteObjects: 0.051500 ms)

========================================================================
Received Prepare
Registering precompiled user dll's ...
Registered in 0.001552 seconds.
Begin MonoManager ReloadAssembly
Native extension for WindowsStandalone target not found
Refreshing native plugins compatible for Editor in 0.25 ms, found 0 plugins.
Preloading 0 native plugins for Editor in 0.00 ms.
Mono: successfully reloaded assembly
- Completed reload, in  1.011 seconds
Platform modules already initialized, skipping
Refreshing native plugins compatible for Editor in 0.23 ms, found 0 plugins.
Preloading 0 native plugins for Editor in 0.00 ms.
Unloading 1115 Unused Serialized files (Serialized files now loaded: 0)
System memory in use before: 58.5 MB.
System memory in use after: 58.5 MB.

Unloading 5 unused Assets to reduce memory usage. Loaded Objects now: 1620.
Total: 1.575900 ms (FindLiveObjects: 0.140800 ms CreateObjectMapping: 0.036600 ms MarkObjects: 1.334900 ms  DeleteObjects: 0.062000 ms)

========================================================================
Received Prepare
Registering precompiled user dll's ...
Registered in 0.002413 seconds.
Begin MonoManager ReloadAssembly
Native extension for WindowsStandalone target not found
Refreshing native plugins compatible for Editor in 0.27 ms, found 0 plugins.
Preloading 0 native plugins for Editor in 0.00 ms.
Mono: successfully reloaded assembly
- Completed reload, in  1.278 seconds
Platform modules already initialized, skipping
Refreshing native plugins compatible for Editor in 0.26 ms, found 0 plugins.
Preloading 0 native plugins for Editor in 0.00 ms.
Unloading 1115 Unused Serialized files (Serialized files now loaded: 0)
System memory in use before: 58.5 MB.
System memory in use after: 58.5 MB.

Unloading 5 unused Assets to reduce memory usage. Loaded Objects now: 1623.
Total: 3.714700 ms (FindLiveObjects: 0.303000 ms CreateObjectMapping: 0.082800 ms MarkObjects: 3.212500 ms  DeleteObjects: 0.113500 ms)

========================================================================
Received Prepare
Refreshing native plugins compatible for Editor in 1.57 ms, found 0 plugins.
Preloading 0 native plugins for Editor in 0.00 ms.
Unloading 3 Unused Serialized files (Serialized files now loaded: 0)
System memory in use before: 36.4 MB.
System memory in use after: 36.5 MB.

Unloading 3 unused Assets to reduce memory usage. Loaded Objects now: 1623.
Total: 2.005300 ms (FindLiveObjects: 0.160100 ms CreateObjectMapping: 0.042300 ms MarkObjects: 1.720300 ms  DeleteObjects: 0.081100 ms)

AssetImportWorkerClient::OnTransportError - code=2 error=End of file
