Using pre-set license
Built from '2020.3/staging' branch; Version is '2020.3.6f1 (338bb68529b2) revision 3378102'; Using compiler version '192528614'; Build Type 'Release'
OS: 'Windows 10 Home; OS build 19042.1052; Version 2009; 64bit' Language: 'en' Physical Memory: 16230 MB
BatchMode: 1, IsHumanControllingUs: 0, StartBugReporterOnCrash: 0, Is64bit: 1, IsPro: 0

 COMMAND LINE ARGUMENTS:
C:\Program Files\Unity\Hub\Editor\2020.3.4f1\Editor\Unity.exe
-adb2
-batchMode
-noUpm
-name
AssetImportWorker0
-projectPath
C:/Users/soulc/Documents/NJIT Task Final
-logFile
Logs/AssetImportWorker0.log
-srvPort
61219
Successfully changed project path to: C:/Users/soulc/Documents/NJIT Task Final
C:/Users/soulc/Documents/NJIT Task Final
Using Asset Import Pipeline V2.
Refreshing native plugins compatible for Editor in 35.53 ms, found 0 plugins.
Preloading 0 native plugins for Editor in 0.00 ms.
Initialize engine version: 2020.3.6f1 (338bb68529b2)
[Subsystems] Discovering subsystems at path C:/Program Files/Unity/Hub/Editor/2020.3.4f1/Editor/Data/Resources/UnitySubsystems
[Subsystems] Discovering subsystems at path C:/Users/soulc/Documents/NJIT Task Final/Assets
GfxDevice: creating device client; threaded=0
Direct3D:
    Version:  Direct3D 11.0 [level 11.1]
    Renderer: NVIDIA GeForce GTX 1070 with Max-Q Design (ID=0x1ba1)
    Vendor:   
    VRAM:     8081 MB
    Driver:   27.21.14.6677
Initialize mono
Mono path[0] = 'C:/Program Files/Unity/Hub/Editor/2020.3.4f1/Editor/Data/Managed'
Mono path[1] = 'C:/Program Files/Unity/Hub/Editor/2020.3.4f1/Editor/Data/MonoBleedingEdge/lib/mono/unityjit'
Mono config path = 'C:/Program Files/Unity/Hub/Editor/2020.3.4f1/Editor/Data/MonoBleedingEdge/etc'
Using monoOptions --debugger-agent=transport=dt_socket,embedding=1,server=y,suspend=n,address=127.0.0.1:56508
Begin MonoManager ReloadAssembly
Registering precompiled unity dll's ...
Register platform support module: C:/Program Files/Unity/Hub/Editor/2020.3.4f1/Editor/Data/PlaybackEngines/WindowsStandaloneSupport/UnityEditor.WindowsStandalone.Extensions.dll
Registered in 0.008349 seconds.
Native extension for WindowsStandalone target not found
Refreshing native plugins compatible for Editor in 31.47 ms, found 0 plugins.
Preloading 0 native plugins for Editor in 0.00 ms.
Mono: successfully reloaded assembly
- Completed reload, in  1.843 seconds
Platform modules already initialized, skipping
Registering precompiled user dll's ...
Registered in 0.001401 seconds.
Begin MonoManager ReloadAssembly
Native extension for WindowsStandalone target not found
Refreshing native plugins compatible for Editor in 0.25 ms, found 0 plugins.
Preloading 0 native plugins for Editor in 0.00 ms.
Mono: successfully reloaded assembly
- Completed reload, in  1.377 seconds
Platform modules already initialized, skipping
========================================================================
Worker process is ready to serve import requests
Launched and connected shader compiler UnityShaderCompiler.exe after 0.11 seconds
Refreshing native plugins compatible for Editor in 0.23 ms, found 0 plugins.
Preloading 0 native plugins for Editor in 0.00 ms.
Unloading 1123 Unused Serialized files (Serialized files now loaded: 0)
System memory in use before: 59.9 MB.
System memory in use after: 59.9 MB.

Unloading 10 unused Assets to reduce memory usage. Loaded Objects now: 1569.
Total: 1.918500 ms (FindLiveObjects: 0.195300 ms CreateObjectMapping: 0.046100 ms MarkObjects: 1.578500 ms  DeleteObjects: 0.097300 ms)

========================================================================
Received Import Request.
  path: Assets/Materials/Black.mat
  artifactKey: Guid(a32e5a0e002b33e4f84a394c623a2bdf) Importer(815301076,1909f56bfc062723c751e8b465ee728b)
Start importing Assets/Materials/Black.mat using Guid(a32e5a0e002b33e4f84a394c623a2bdf) Importer(815301076,1909f56bfc062723c751e8b465ee728b)  -> (artifact id: '695b448cb519d541b9313606dec4fd1e') in 0.277170 seconds
  Import took 0.279569 seconds .

========================================================================
Received Import Request.
  Time since last request: 10.541901 seconds.
  path: Assets/Quirky Series/Pets
  artifactKey: Guid(9937500bcf65cf44e84a10abfc88486c) Importer(815301076,1909f56bfc062723c751e8b465ee728b)
Start importing Assets/Quirky Series/Pets using Guid(9937500bcf65cf44e84a10abfc88486c) Importer(815301076,1909f56bfc062723c751e8b465ee728b)  -> (artifact id: '2a297d398dd2821167af25e340f1ccdb') in 0.013055 seconds
  Import took 0.015810 seconds .

========================================================================
Received Prepare
Registering precompiled user dll's ...
Registered in 0.001485 seconds.
Begin MonoManager ReloadAssembly
Native extension for WindowsStandalone target not found
Refreshing native plugins compatible for Editor in 0.29 ms, found 0 plugins.
Preloading 0 native plugins for Editor in 0.00 ms.
Mono: successfully reloaded assembly
- Completed reload, in  1.168 seconds
Platform modules already initialized, skipping
Refreshing native plugins compatible for Editor in 0.23 ms, found 0 plugins.
Preloading 0 native plugins for Editor in 0.00 ms.
Unloading 1115 Unused Serialized files (Serialized files now loaded: 0)
System memory in use before: 62.9 MB.
System memory in use after: 62.9 MB.

Unloading 6 unused Assets to reduce memory usage. Loaded Objects now: 1611.
Total: 1.582600 ms (FindLiveObjects: 0.137500 ms CreateObjectMapping: 0.036100 ms MarkObjects: 1.357100 ms  DeleteObjects: 0.051100 ms)

========================================================================
Received Import Request.
  Time since last request: 14.770573 seconds.
  path: Assets/Tarbo-CITY/Materials
  artifactKey: Guid(6c4ec40a528e0844c88b84284ddbfa68) Importer(815301076,1909f56bfc062723c751e8b465ee728b)
Start importing Assets/Tarbo-CITY/Materials using Guid(6c4ec40a528e0844c88b84284ddbfa68) Importer(815301076,1909f56bfc062723c751e8b465ee728b)  -> (artifact id: 'c31f45ce6108e35e3da2d9a2bfa2ea04') in 0.013565 seconds
  Import took 0.017663 seconds .

========================================================================
Received Import Request.
  Time since last request: 0.046465 seconds.
  path: Assets/Tarbo-CITY/Materials/Floor.mat
  artifactKey: Guid(5fd138741043b5a418c7869735a2c88c) Importer(815301076,1909f56bfc062723c751e8b465ee728b)
Start importing Assets/Tarbo-CITY/Materials/Floor.mat using Guid(5fd138741043b5a418c7869735a2c88c) Importer(815301076,1909f56bfc062723c751e8b465ee728b)  -> (artifact id: 'f75dd317cff7c97b2c86536cfcb48170') in 0.075112 seconds
  Import took 0.077655 seconds .

========================================================================
Received Import Request.
  Time since last request: 0.000294 seconds.
  path: Assets/Tarbo-CITY/Materials/Tarbo_CITY.mat
  artifactKey: Guid(7846323804921cb429fa82552991a231) Importer(815301076,1909f56bfc062723c751e8b465ee728b)
Start importing Assets/Tarbo-CITY/Materials/Tarbo_CITY.mat using Guid(7846323804921cb429fa82552991a231) Importer(815301076,1909f56bfc062723c751e8b465ee728b)  -> (artifact id: '310fd0c71105067028d8a0e6a0926064') in 0.023382 seconds
  Import took 0.025916 seconds .

========================================================================
Received Import Request.
  Time since last request: 2.749884 seconds.
  path: Assets/Tarbo-CITY/Textures/emit.png
  artifactKey: Guid(86b18d9b4ae36a9429307ac5ad15310a) Importer(815301076,1909f56bfc062723c751e8b465ee728b)
Start importing Assets/Tarbo-CITY/Textures/emit.png using Guid(86b18d9b4ae36a9429307ac5ad15310a) Importer(815301076,1909f56bfc062723c751e8b465ee728b)  -> (artifact id: 'c990d413e55b7e5761dfff84eb8fee98') in 0.037071 seconds
  Import took 0.039859 seconds .

========================================================================
Received Import Request.
  Time since last request: 0.000359 seconds.
  path: Assets/Tarbo-CITY/Textures/Tarbo_CITY_Texture.png
  artifactKey: Guid(e33e8ed52134e9d4894b4b8d46fe3188) Importer(815301076,1909f56bfc062723c751e8b465ee728b)
Start importing Assets/Tarbo-CITY/Textures/Tarbo_CITY_Texture.png using Guid(e33e8ed52134e9d4894b4b8d46fe3188) Importer(815301076,1909f56bfc062723c751e8b465ee728b)  -> (artifact id: '0a6587f20fefe1ee1b9e6ee8d0e2763d') in 0.015128 seconds
  Import took 0.017474 seconds .

========================================================================
Received Import Request.
  Time since last request: 10.652468 seconds.
  path: Assets/Traffic Essentials Asset Pack/NEWPrefabs
  artifactKey: Guid(f62d412799654784988f6af7d6c2997d) Importer(815301076,1909f56bfc062723c751e8b465ee728b)
Start importing Assets/Traffic Essentials Asset Pack/NEWPrefabs using Guid(f62d412799654784988f6af7d6c2997d) Importer(815301076,1909f56bfc062723c751e8b465ee728b)  -> (artifact id: 'c9cdddcaca209dd2f1eb9fe20da09f0f') in 0.007871 seconds
  Import took 0.010295 seconds .

========================================================================
Received Prepare
Registering precompiled user dll's ...
Registered in 0.001914 seconds.
Begin MonoManager ReloadAssembly
Native extension for WindowsStandalone target not found
Refreshing native plugins compatible for Editor in 0.32 ms, found 0 plugins.
Preloading 0 native plugins for Editor in 0.00 ms.
Mono: successfully reloaded assembly
- Completed reload, in  1.103 seconds
Platform modules already initialized, skipping
Refreshing native plugins compatible for Editor in 0.27 ms, found 0 plugins.
Preloading 0 native plugins for Editor in 0.00 ms.
Unloading 1115 Unused Serialized files (Serialized files now loaded: 0)
System memory in use before: 62.7 MB.
System memory in use after: 62.8 MB.

Unloading 5 unused Assets to reduce memory usage. Loaded Objects now: 1616.
Total: 3.227000 ms (FindLiveObjects: 0.195600 ms CreateObjectMapping: 0.064200 ms MarkObjects: 2.846000 ms  DeleteObjects: 0.118800 ms)

========================================================================
Received Prepare
Registering precompiled user dll's ...
Registered in 0.001361 seconds.
Begin MonoManager ReloadAssembly
Native extension for WindowsStandalone target not found
Refreshing native plugins compatible for Editor in 0.26 ms, found 0 plugins.
Preloading 0 native plugins for Editor in 0.00 ms.
Mono: successfully reloaded assembly
- Completed reload, in  1.487 seconds
Platform modules already initialized, skipping
Refreshing native plugins compatible for Editor in 0.43 ms, found 0 plugins.
Preloading 0 native plugins for Editor in 0.00 ms.
Unloading 1115 Unused Serialized files (Serialized files now loaded: 0)
System memory in use before: 62.7 MB.
System memory in use after: 62.8 MB.

Unloading 5 unused Assets to reduce memory usage. Loaded Objects now: 1619.
Total: 2.240700 ms (FindLiveObjects: 0.228400 ms CreateObjectMapping: 0.069800 ms MarkObjects: 1.860100 ms  DeleteObjects: 0.080300 ms)

========================================================================
Received Prepare
Registering precompiled user dll's ...
Registered in 0.002042 seconds.
Begin MonoManager ReloadAssembly
Native extension for WindowsStandalone target not found
Refreshing native plugins compatible for Editor in 0.26 ms, found 0 plugins.
Preloading 0 native plugins for Editor in 0.00 ms.
Mono: successfully reloaded assembly
- Completed reload, in  1.188 seconds
Platform modules already initialized, skipping
Refreshing native plugins compatible for Editor in 0.22 ms, found 0 plugins.
Preloading 0 native plugins for Editor in 0.00 ms.
Unloading 1115 Unused Serialized files (Serialized files now loaded: 0)
System memory in use before: 62.7 MB.
System memory in use after: 62.8 MB.

Unloading 5 unused Assets to reduce memory usage. Loaded Objects now: 1622.
Total: 2.330300 ms (FindLiveObjects: 0.277200 ms CreateObjectMapping: 0.084300 ms MarkObjects: 1.897900 ms  DeleteObjects: 0.069100 ms)

========================================================================
Received Prepare
Registering precompiled user dll's ...
Registered in 0.002367 seconds.
Begin MonoManager ReloadAssembly
Native extension for WindowsStandalone target not found
Refreshing native plugins compatible for Editor in 0.24 ms, found 0 plugins.
Preloading 0 native plugins for Editor in 0.00 ms.
Mono: successfully reloaded assembly
- Completed reload, in  1.185 seconds
Platform modules already initialized, skipping
Refreshing native plugins compatible for Editor in 0.37 ms, found 0 plugins.
Preloading 0 native plugins for Editor in 0.00 ms.
Unloading 1115 Unused Serialized files (Serialized files now loaded: 0)
System memory in use before: 62.8 MB.
System memory in use after: 62.8 MB.

Unloading 5 unused Assets to reduce memory usage. Loaded Objects now: 1625.
Total: 1.680900 ms (FindLiveObjects: 0.146400 ms CreateObjectMapping: 0.042700 ms MarkObjects: 1.430300 ms  DeleteObjects: 0.060100 ms)

========================================================================
Received Prepare
Registering precompiled user dll's ...
Registered in 0.003935 seconds.
Begin MonoManager ReloadAssembly
Native extension for WindowsStandalone target not found
Refreshing native plugins compatible for Editor in 0.24 ms, found 0 plugins.
Preloading 0 native plugins for Editor in 0.00 ms.
Mono: successfully reloaded assembly
- Completed reload, in  1.127 seconds
Platform modules already initialized, skipping
Refreshing native plugins compatible for Editor in 0.22 ms, found 0 plugins.
Preloading 0 native plugins for Editor in 0.00 ms.
Unloading 1115 Unused Serialized files (Serialized files now loaded: 0)
System memory in use before: 62.8 MB.
System memory in use after: 62.8 MB.

Unloading 5 unused Assets to reduce memory usage. Loaded Objects now: 1628.
Total: 2.192200 ms (FindLiveObjects: 0.194500 ms CreateObjectMapping: 0.071000 ms MarkObjects: 1.820400 ms  DeleteObjects: 0.103600 ms)

========================================================================
Received Import Request.
  Time since last request: 1567.848162 seconds.
  path: ProjectSettings/TagManager.asset
  artifactKey: Guid(00000000000000003000000000000000) Importer(815301076,1909f56bfc062723c751e8b465ee728b)
Start importing ProjectSettings/TagManager.asset using Guid(00000000000000003000000000000000) Importer(815301076,1909f56bfc062723c751e8b465ee728b)  -> (artifact id: 'da0bf4dfd0aeab055f2696118cc79d6b') in 0.028781 seconds
  Import took 0.034056 seconds .

========================================================================
Received Prepare
Registering precompiled user dll's ...
Registered in 0.001985 seconds.
Begin MonoManager ReloadAssembly
Native extension for WindowsStandalone target not found
Refreshing native plugins compatible for Editor in 0.21 ms, found 0 plugins.
Preloading 0 native plugins for Editor in 0.00 ms.
Mono: successfully reloaded assembly
- Completed reload, in  1.067 seconds
Platform modules already initialized, skipping
Refreshing native plugins compatible for Editor in 0.24 ms, found 0 plugins.
Preloading 0 native plugins for Editor in 0.00 ms.
Unloading 1115 Unused Serialized files (Serialized files now loaded: 0)
System memory in use before: 62.8 MB.
System memory in use after: 62.8 MB.

Unloading 6 unused Assets to reduce memory usage. Loaded Objects now: 1631.
Total: 1.969900 ms (FindLiveObjects: 0.161500 ms CreateObjectMapping: 0.056400 ms MarkObjects: 1.677500 ms  DeleteObjects: 0.072900 ms)

========================================================================
Received Prepare
Registering precompiled user dll's ...
Registered in 0.001823 seconds.
Begin MonoManager ReloadAssembly
Native extension for WindowsStandalone target not found
Refreshing native plugins compatible for Editor in 0.27 ms, found 0 plugins.
Preloading 0 native plugins for Editor in 0.00 ms.
Mono: successfully reloaded assembly
- Completed reload, in  1.106 seconds
Platform modules already initialized, skipping
Refreshing native plugins compatible for Editor in 0.25 ms, found 0 plugins.
Preloading 0 native plugins for Editor in 0.00 ms.
Unloading 1115 Unused Serialized files (Serialized files now loaded: 0)
System memory in use before: 62.8 MB.
System memory in use after: 62.9 MB.

Unloading 5 unused Assets to reduce memory usage. Loaded Objects now: 1634.
Total: 3.025100 ms (FindLiveObjects: 0.234600 ms CreateObjectMapping: 0.070400 ms MarkObjects: 2.638700 ms  DeleteObjects: 0.072600 ms)

========================================================================
Received Prepare
Registering precompiled user dll's ...
Registered in 0.001841 seconds.
Begin MonoManager ReloadAssembly
Native extension for WindowsStandalone target not found
Refreshing native plugins compatible for Editor in 0.25 ms, found 0 plugins.
Preloading 0 native plugins for Editor in 0.00 ms.
Mono: successfully reloaded assembly
- Completed reload, in  1.139 seconds
Platform modules already initialized, skipping
Refreshing native plugins compatible for Editor in 0.43 ms, found 0 plugins.
Preloading 0 native plugins for Editor in 0.00 ms.
Unloading 1115 Unused Serialized files (Serialized files now loaded: 0)
System memory in use before: 62.8 MB.
System memory in use after: 62.9 MB.

Unloading 5 unused Assets to reduce memory usage. Loaded Objects now: 1637.
Total: 2.072000 ms (FindLiveObjects: 0.214000 ms CreateObjectMapping: 0.057200 ms MarkObjects: 1.716900 ms  DeleteObjects: 0.082500 ms)

========================================================================
Received Prepare
Registering precompiled user dll's ...
Registered in 0.001799 seconds.
Begin MonoManager ReloadAssembly
Native extension for WindowsStandalone target not found
Refreshing native plugins compatible for Editor in 0.26 ms, found 0 plugins.
Preloading 0 native plugins for Editor in 0.00 ms.
Mono: successfully reloaded assembly
- Completed reload, in  1.720 seconds
Platform modules already initialized, skipping
Refreshing native plugins compatible for Editor in 0.37 ms, found 0 plugins.
Preloading 0 native plugins for Editor in 0.00 ms.
Unloading 1115 Unused Serialized files (Serialized files now loaded: 0)
System memory in use before: 62.8 MB.
System memory in use after: 62.9 MB.

Unloading 5 unused Assets to reduce memory usage. Loaded Objects now: 1640.
Total: 3.076200 ms (FindLiveObjects: 0.194500 ms CreateObjectMapping: 0.048600 ms MarkObjects: 2.756300 ms  DeleteObjects: 0.074500 ms)

========================================================================
Received Prepare
Registering precompiled user dll's ...
Registered in 0.001704 seconds.
Begin MonoManager ReloadAssembly
Native extension for WindowsStandalone target not found
Refreshing native plugins compatible for Editor in 0.23 ms, found 0 plugins.
Preloading 0 native plugins for Editor in 0.00 ms.
Mono: successfully reloaded assembly
- Completed reload, in  1.063 seconds
Platform modules already initialized, skipping
Refreshing native plugins compatible for Editor in 0.28 ms, found 0 plugins.
Preloading 0 native plugins for Editor in 0.00 ms.
Unloading 1115 Unused Serialized files (Serialized files now loaded: 0)
System memory in use before: 62.8 MB.
System memory in use after: 62.9 MB.

Unloading 5 unused Assets to reduce memory usage. Loaded Objects now: 1643.
Total: 2.146500 ms (FindLiveObjects: 0.314500 ms CreateObjectMapping: 0.092300 ms MarkObjects: 1.661900 ms  DeleteObjects: 0.076000 ms)

========================================================================
Received Prepare
Registering precompiled user dll's ...
Registered in 0.002665 seconds.
Begin MonoManager ReloadAssembly
Native extension for WindowsStandalone target not found
Refreshing native plugins compatible for Editor in 0.56 ms, found 0 plugins.
Preloading 0 native plugins for Editor in 0.00 ms.
Mono: successfully reloaded assembly
- Completed reload, in  1.319 seconds
Platform modules already initialized, skipping
Refreshing native plugins compatible for Editor in 0.25 ms, found 0 plugins.
Preloading 0 native plugins for Editor in 0.00 ms.
Unloading 1115 Unused Serialized files (Serialized files now loaded: 0)
System memory in use before: 62.8 MB.
System memory in use after: 62.9 MB.

Unloading 5 unused Assets to reduce memory usage. Loaded Objects now: 1646.
Total: 2.238800 ms (FindLiveObjects: 0.162100 ms CreateObjectMapping: 0.053000 ms MarkObjects: 1.931400 ms  DeleteObjects: 0.089700 ms)

========================================================================
Received Prepare
Registering precompiled user dll's ...
Registered in 0.001508 seconds.
Begin MonoManager ReloadAssembly
Native extension for WindowsStandalone target not found
Refreshing native plugins compatible for Editor in 0.42 ms, found 0 plugins.
Preloading 0 native plugins for Editor in 0.00 ms.
Mono: successfully reloaded assembly
- Completed reload, in  1.548 seconds
Platform modules already initialized, skipping
Refreshing native plugins compatible for Editor in 0.25 ms, found 0 plugins.
Preloading 0 native plugins for Editor in 0.00 ms.
Unloading 1115 Unused Serialized files (Serialized files now loaded: 0)
System memory in use before: 62.8 MB.
System memory in use after: 62.9 MB.

Unloading 5 unused Assets to reduce memory usage. Loaded Objects now: 1649.
Total: 3.566600 ms (FindLiveObjects: 0.242800 ms CreateObjectMapping: 0.066700 ms MarkObjects: 3.144900 ms  DeleteObjects: 0.108500 ms)

========================================================================
Received Prepare
Registering precompiled user dll's ...
Registered in 0.002000 seconds.
Begin MonoManager ReloadAssembly
Native extension for WindowsStandalone target not found
Refreshing native plugins compatible for Editor in 0.34 ms, found 0 plugins.
Preloading 0 native plugins for Editor in 0.00 ms.
Mono: successfully reloaded assembly
- Completed reload, in  1.426 seconds
Platform modules already initialized, skipping
Refreshing native plugins compatible for Editor in 0.40 ms, found 0 plugins.
Preloading 0 native plugins for Editor in 0.00 ms.
Unloading 1115 Unused Serialized files (Serialized files now loaded: 0)
System memory in use before: 62.8 MB.
System memory in use after: 62.9 MB.

Unloading 5 unused Assets to reduce memory usage. Loaded Objects now: 1652.
Total: 2.194200 ms (FindLiveObjects: 0.255100 ms CreateObjectMapping: 0.074900 ms MarkObjects: 1.778900 ms  DeleteObjects: 0.083300 ms)

========================================================================
Received Prepare
Registering precompiled user dll's ...
Registered in 0.002689 seconds.
Begin MonoManager ReloadAssembly
Native extension for WindowsStandalone target not found
Refreshing native plugins compatible for Editor in 0.23 ms, found 0 plugins.
Preloading 0 native plugins for Editor in 0.00 ms.
Mono: successfully reloaded assembly
- Completed reload, in  1.254 seconds
Platform modules already initialized, skipping
Refreshing native plugins compatible for Editor in 0.38 ms, found 0 plugins.
Preloading 0 native plugins for Editor in 0.00 ms.
Unloading 1115 Unused Serialized files (Serialized files now loaded: 0)
System memory in use before: 62.8 MB.
System memory in use after: 62.9 MB.

Unloading 5 unused Assets to reduce memory usage. Loaded Objects now: 1655.
Total: 2.722400 ms (FindLiveObjects: 0.214900 ms CreateObjectMapping: 0.058900 ms MarkObjects: 2.317100 ms  DeleteObjects: 0.129700 ms)

========================================================================
Received Prepare
Registering precompiled user dll's ...
Registered in 0.001950 seconds.
Begin MonoManager ReloadAssembly
Native extension for WindowsStandalone target not found
Refreshing native plugins compatible for Editor in 0.29 ms, found 0 plugins.
Preloading 0 native plugins for Editor in 0.00 ms.
Mono: successfully reloaded assembly
- Completed reload, in  1.252 seconds
Platform modules already initialized, skipping
Refreshing native plugins compatible for Editor in 0.23 ms, found 0 plugins.
Preloading 0 native plugins for Editor in 0.00 ms.
Unloading 1115 Unused Serialized files (Serialized files now loaded: 0)
System memory in use before: 62.8 MB.
System memory in use after: 62.9 MB.

Unloading 5 unused Assets to reduce memory usage. Loaded Objects now: 1658.
Total: 2.057900 ms (FindLiveObjects: 0.261700 ms CreateObjectMapping: 0.120800 ms MarkObjects: 1.604200 ms  DeleteObjects: 0.069700 ms)

========================================================================
Received Prepare
Registering precompiled user dll's ...
Registered in 0.002170 seconds.
Begin MonoManager ReloadAssembly
Native extension for WindowsStandalone target not found
Refreshing native plugins compatible for Editor in 0.23 ms, found 0 plugins.
Preloading 0 native plugins for Editor in 0.00 ms.
Mono: successfully reloaded assembly
- Completed reload, in  1.218 seconds
Platform modules already initialized, skipping
Refreshing native plugins compatible for Editor in 0.89 ms, found 0 plugins.
Preloading 0 native plugins for Editor in 0.00 ms.
Unloading 1115 Unused Serialized files (Serialized files now loaded: 0)
System memory in use before: 62.8 MB.
System memory in use after: 62.9 MB.

Unloading 5 unused Assets to reduce memory usage. Loaded Objects now: 1661.
Total: 3.418900 ms (FindLiveObjects: 0.304500 ms CreateObjectMapping: 0.104900 ms MarkObjects: 2.910300 ms  DeleteObjects: 0.096100 ms)

========================================================================
Received Prepare
Registering precompiled user dll's ...
Registered in 0.002315 seconds.
Begin MonoManager ReloadAssembly
Native extension for WindowsStandalone target not found
Refreshing native plugins compatible for Editor in 0.29 ms, found 0 plugins.
Preloading 0 native plugins for Editor in 0.00 ms.
Mono: successfully reloaded assembly
- Completed reload, in  1.367 seconds
Platform modules already initialized, skipping
Refreshing native plugins compatible for Editor in 0.37 ms, found 0 plugins.
Preloading 0 native plugins for Editor in 0.00 ms.
Unloading 1115 Unused Serialized files (Serialized files now loaded: 0)
System memory in use before: 62.8 MB.
System memory in use after: 62.9 MB.

Unloading 5 unused Assets to reduce memory usage. Loaded Objects now: 1664.
Total: 2.396400 ms (FindLiveObjects: 0.297000 ms CreateObjectMapping: 0.097400 ms MarkObjects: 1.904800 ms  DeleteObjects: 0.095400 ms)

========================================================================
Received Prepare
Registering precompiled user dll's ...
Registered in 0.002441 seconds.
Begin MonoManager ReloadAssembly
Native extension for WindowsStandalone target not found
Refreshing native plugins compatible for Editor in 0.25 ms, found 0 plugins.
Preloading 0 native plugins for Editor in 0.00 ms.
Mono: successfully reloaded assembly
- Completed reload, in  1.230 seconds
Platform modules already initialized, skipping
Refreshing native plugins compatible for Editor in 0.31 ms, found 0 plugins.
Preloading 0 native plugins for Editor in 0.00 ms.
Unloading 1115 Unused Serialized files (Serialized files now loaded: 0)
System memory in use before: 62.8 MB.
System memory in use after: 62.9 MB.

Unloading 5 unused Assets to reduce memory usage. Loaded Objects now: 1667.
Total: 4.300700 ms (FindLiveObjects: 0.379000 ms CreateObjectMapping: 0.093200 ms MarkObjects: 3.715500 ms  DeleteObjects: 0.110500 ms)

========================================================================
Received Prepare
Registering precompiled user dll's ...
Registered in 0.001769 seconds.
Begin MonoManager ReloadAssembly
Native extension for WindowsStandalone target not found
Refreshing native plugins compatible for Editor in 0.24 ms, found 0 plugins.
Preloading 0 native plugins for Editor in 0.00 ms.
Mono: successfully reloaded assembly
- Completed reload, in  1.398 seconds
Platform modules already initialized, skipping
Refreshing native plugins compatible for Editor in 0.41 ms, found 0 plugins.
Preloading 0 native plugins for Editor in 0.00 ms.
Unloading 1115 Unused Serialized files (Serialized files now loaded: 0)
System memory in use before: 62.8 MB.
System memory in use after: 62.9 MB.

Unloading 5 unused Assets to reduce memory usage. Loaded Objects now: 1670.
Total: 3.490100 ms (FindLiveObjects: 0.491900 ms CreateObjectMapping: 0.180800 ms MarkObjects: 2.714400 ms  DeleteObjects: 0.100800 ms)

========================================================================
Received Prepare
Registering precompiled user dll's ...
Registered in 0.001635 seconds.
Begin MonoManager ReloadAssembly
Native extension for WindowsStandalone target not found
Refreshing native plugins compatible for Editor in 0.29 ms, found 0 plugins.
Preloading 0 native plugins for Editor in 0.00 ms.
Mono: successfully reloaded assembly
- Completed reload, in  1.306 seconds
Platform modules already initialized, skipping
Refreshing native plugins compatible for Editor in 0.23 ms, found 0 plugins.
Preloading 0 native plugins for Editor in 0.00 ms.
Unloading 1115 Unused Serialized files (Serialized files now loaded: 0)
System memory in use before: 62.9 MB.
System memory in use after: 62.9 MB.

Unloading 5 unused Assets to reduce memory usage. Loaded Objects now: 1673.
Total: 2.163400 ms (FindLiveObjects: 0.218500 ms CreateObjectMapping: 0.052800 ms MarkObjects: 1.815700 ms  DeleteObjects: 0.075000 ms)

========================================================================
Received Prepare
Registering precompiled user dll's ...
Registered in 0.005576 seconds.
Begin MonoManager ReloadAssembly
Native extension for WindowsStandalone target not found
Refreshing native plugins compatible for Editor in 0.55 ms, found 0 plugins.
Preloading 0 native plugins for Editor in 0.00 ms.
Mono: successfully reloaded assembly
- Completed reload, in  1.961 seconds
Platform modules already initialized, skipping
Refreshing native plugins compatible for Editor in 0.41 ms, found 0 plugins.
Preloading 0 native plugins for Editor in 0.00 ms.
Unloading 1115 Unused Serialized files (Serialized files now loaded: 0)
System memory in use before: 62.9 MB.
System memory in use after: 62.9 MB.

Unloading 5 unused Assets to reduce memory usage. Loaded Objects now: 1676.
Total: 1.952900 ms (FindLiveObjects: 0.187100 ms CreateObjectMapping: 0.052600 ms MarkObjects: 1.646000 ms  DeleteObjects: 0.065800 ms)

========================================================================
Received Prepare
Registering precompiled user dll's ...
Registered in 0.007820 seconds.
Begin MonoManager ReloadAssembly
Native extension for WindowsStandalone target not found
Refreshing native plugins compatible for Editor in 0.29 ms, found 0 plugins.
Preloading 0 native plugins for Editor in 0.00 ms.
Mono: successfully reloaded assembly
- Completed reload, in  2.069 seconds
Platform modules already initialized, skipping
Refreshing native plugins compatible for Editor in 0.36 ms, found 0 plugins.
Preloading 0 native plugins for Editor in 0.00 ms.
Unloading 1115 Unused Serialized files (Serialized files now loaded: 0)
System memory in use before: 62.9 MB.
System memory in use after: 62.9 MB.

Unloading 5 unused Assets to reduce memory usage. Loaded Objects now: 1679.
Total: 3.715100 ms (FindLiveObjects: 0.331000 ms CreateObjectMapping: 0.112000 ms MarkObjects: 3.146500 ms  DeleteObjects: 0.121400 ms)

========================================================================
Received Prepare
Registering precompiled user dll's ...
Registered in 0.002089 seconds.
Begin MonoManager ReloadAssembly
Native extension for WindowsStandalone target not found
Refreshing native plugins compatible for Editor in 0.64 ms, found 0 plugins.
Preloading 0 native plugins for Editor in 0.00 ms.
Mono: successfully reloaded assembly
- Completed reload, in  2.225 seconds
Platform modules already initialized, skipping
Refreshing native plugins compatible for Editor in 0.45 ms, found 0 plugins.
Preloading 0 native plugins for Editor in 0.00 ms.
Unloading 1115 Unused Serialized files (Serialized files now loaded: 0)
System memory in use before: 62.9 MB.
System memory in use after: 62.9 MB.

Unloading 5 unused Assets to reduce memory usage. Loaded Objects now: 1682.
Total: 3.759700 ms (FindLiveObjects: 0.683200 ms CreateObjectMapping: 0.189200 ms MarkObjects: 2.772700 ms  DeleteObjects: 0.110100 ms)

========================================================================
Received Prepare
Registering precompiled user dll's ...
Registered in 0.002565 seconds.
Begin MonoManager ReloadAssembly
Native extension for WindowsStandalone target not found
Refreshing native plugins compatible for Editor in 0.39 ms, found 0 plugins.
Preloading 0 native plugins for Editor in 0.00 ms.
Mono: successfully reloaded assembly
- Completed reload, in  1.849 seconds
Platform modules already initialized, skipping
Refreshing native plugins compatible for Editor in 0.52 ms, found 0 plugins.
Preloading 0 native plugins for Editor in 0.00 ms.
Unloading 1115 Unused Serialized files (Serialized files now loaded: 0)
System memory in use before: 62.9 MB.
System memory in use after: 63.0 MB.

Unloading 5 unused Assets to reduce memory usage. Loaded Objects now: 1685.
Total: 3.974100 ms (FindLiveObjects: 0.576100 ms CreateObjectMapping: 0.577800 ms MarkObjects: 2.707900 ms  DeleteObjects: 0.109400 ms)

========================================================================
Received Prepare
Registering precompiled user dll's ...
Registered in 0.002669 seconds.
Begin MonoManager ReloadAssembly
Native extension for WindowsStandalone target not found
Refreshing native plugins compatible for Editor in 0.35 ms, found 0 plugins.
Preloading 0 native plugins for Editor in 0.00 ms.
Mono: successfully reloaded assembly
- Completed reload, in  2.365 seconds
Platform modules already initialized, skipping
Refreshing native plugins compatible for Editor in 0.68 ms, found 0 plugins.
Preloading 0 native plugins for Editor in 0.00 ms.
Unloading 1115 Unused Serialized files (Serialized files now loaded: 0)
System memory in use before: 62.9 MB.
System memory in use after: 63.0 MB.

Unloading 5 unused Assets to reduce memory usage. Loaded Objects now: 1688.
Total: 3.851000 ms (FindLiveObjects: 0.312900 ms CreateObjectMapping: 0.100300 ms MarkObjects: 3.318400 ms  DeleteObjects: 0.117200 ms)

========================================================================
Received Prepare
Registering precompiled user dll's ...
Registered in 0.006613 seconds.
Begin MonoManager ReloadAssembly
Native extension for WindowsStandalone target not found
Refreshing native plugins compatible for Editor in 0.33 ms, found 0 plugins.
Preloading 0 native plugins for Editor in 0.00 ms.
Mono: successfully reloaded assembly
- Completed reload, in  1.770 seconds
Platform modules already initialized, skipping
Refreshing native plugins compatible for Editor in 0.31 ms, found 0 plugins.
Preloading 0 native plugins for Editor in 0.00 ms.
Unloading 1115 Unused Serialized files (Serialized files now loaded: 0)
System memory in use before: 62.9 MB.
System memory in use after: 63.0 MB.

Unloading 5 unused Assets to reduce memory usage. Loaded Objects now: 1691.
Total: 2.274300 ms (FindLiveObjects: 0.253900 ms CreateObjectMapping: 0.068800 ms MarkObjects: 1.853600 ms  DeleteObjects: 0.095600 ms)

========================================================================
Received Prepare
Registering precompiled user dll's ...
Registered in 0.002587 seconds.
Begin MonoManager ReloadAssembly
Native extension for WindowsStandalone target not found
Refreshing native plugins compatible for Editor in 0.39 ms, found 0 plugins.
Preloading 0 native plugins for Editor in 0.00 ms.
Mono: successfully reloaded assembly
- Completed reload, in  1.630 seconds
Platform modules already initialized, skipping
Refreshing native plugins compatible for Editor in 0.77 ms, found 0 plugins.
Preloading 0 native plugins for Editor in 0.00 ms.
Unloading 1115 Unused Serialized files (Serialized files now loaded: 0)
System memory in use before: 62.9 MB.
System memory in use after: 63.0 MB.

Unloading 5 unused Assets to reduce memory usage. Loaded Objects now: 1694.
Total: 2.423600 ms (FindLiveObjects: 0.324700 ms CreateObjectMapping: 0.087800 ms MarkObjects: 1.932400 ms  DeleteObjects: 0.077500 ms)

========================================================================
Received Prepare
Registering precompiled user dll's ...
Registered in 0.002445 seconds.
Begin MonoManager ReloadAssembly
Native extension for WindowsStandalone target not found
Refreshing native plugins compatible for Editor in 0.55 ms, found 0 plugins.
Preloading 0 native plugins for Editor in 0.00 ms.
Mono: successfully reloaded assembly
- Completed reload, in  2.110 seconds
Platform modules already initialized, skipping
Refreshing native plugins compatible for Editor in 0.49 ms, found 0 plugins.
Preloading 0 native plugins for Editor in 0.00 ms.
Unloading 1115 Unused Serialized files (Serialized files now loaded: 0)
System memory in use before: 62.9 MB.
System memory in use after: 63.0 MB.

Unloading 5 unused Assets to reduce memory usage. Loaded Objects now: 1697.
Total: 4.112000 ms (FindLiveObjects: 0.388000 ms CreateObjectMapping: 0.129000 ms MarkObjects: 3.488200 ms  DeleteObjects: 0.104000 ms)

========================================================================
Received Prepare
Registering precompiled user dll's ...
Registered in 0.002769 seconds.
Begin MonoManager ReloadAssembly
Native extension for WindowsStandalone target not found
Refreshing native plugins compatible for Editor in 2.40 ms, found 0 plugins.
Preloading 0 native plugins for Editor in 0.00 ms.
Mono: successfully reloaded assembly
- Completed reload, in  1.506 seconds
Platform modules already initialized, skipping
Refreshing native plugins compatible for Editor in 0.26 ms, found 0 plugins.
Preloading 0 native plugins for Editor in 0.00 ms.
Unloading 1115 Unused Serialized files (Serialized files now loaded: 0)
System memory in use before: 62.9 MB.
System memory in use after: 63.0 MB.

Unloading 5 unused Assets to reduce memory usage. Loaded Objects now: 1700.
Total: 4.314900 ms (FindLiveObjects: 1.149300 ms CreateObjectMapping: 0.165100 ms MarkObjects: 2.889300 ms  DeleteObjects: 0.105600 ms)

========================================================================
Received Prepare
Registering precompiled user dll's ...
Registered in 0.002714 seconds.
Begin MonoManager ReloadAssembly
Native extension for WindowsStandalone target not found
Refreshing native plugins compatible for Editor in 0.39 ms, found 0 plugins.
Preloading 0 native plugins for Editor in 0.00 ms.
Mono: successfully reloaded assembly
- Completed reload, in  1.720 seconds
Platform modules already initialized, skipping
Refreshing native plugins compatible for Editor in 0.36 ms, found 0 plugins.
Preloading 0 native plugins for Editor in 0.00 ms.
Unloading 1115 Unused Serialized files (Serialized files now loaded: 0)
System memory in use before: 62.9 MB.
System memory in use after: 63.0 MB.

Unloading 5 unused Assets to reduce memory usage. Loaded Objects now: 1703.
Total: 3.500000 ms (FindLiveObjects: 0.626400 ms CreateObjectMapping: 0.151100 ms MarkObjects: 2.630200 ms  DeleteObjects: 0.090300 ms)

========================================================================
Received Prepare
Registering precompiled user dll's ...
Registered in 0.002169 seconds.
Begin MonoManager ReloadAssembly
Native extension for WindowsStandalone target not found
Refreshing native plugins compatible for Editor in 0.30 ms, found 0 plugins.
Preloading 0 native plugins for Editor in 0.00 ms.
Mono: successfully reloaded assembly
- Completed reload, in  1.905 seconds
Platform modules already initialized, skipping
Refreshing native plugins compatible for Editor in 0.41 ms, found 0 plugins.
Preloading 0 native plugins for Editor in 0.00 ms.
Unloading 1115 Unused Serialized files (Serialized files now loaded: 0)
System memory in use before: 62.9 MB.
System memory in use after: 63.0 MB.

Unloading 5 unused Assets to reduce memory usage. Loaded Objects now: 1706.
Total: 2.486200 ms (FindLiveObjects: 0.374100 ms CreateObjectMapping: 0.114700 ms MarkObjects: 1.913000 ms  DeleteObjects: 0.081200 ms)

========================================================================
Received Prepare
Registering precompiled user dll's ...
Registered in 0.001664 seconds.
Begin MonoManager ReloadAssembly
Native extension for WindowsStandalone target not found
Refreshing native plugins compatible for Editor in 0.32 ms, found 0 plugins.
Preloading 0 native plugins for Editor in 0.00 ms.
Mono: successfully reloaded assembly
- Completed reload, in  1.750 seconds
Platform modules already initialized, skipping
Refreshing native plugins compatible for Editor in 0.51 ms, found 0 plugins.
Preloading 0 native plugins for Editor in 0.00 ms.
Unloading 1115 Unused Serialized files (Serialized files now loaded: 0)
System memory in use before: 62.9 MB.
System memory in use after: 63.0 MB.

Unloading 5 unused Assets to reduce memory usage. Loaded Objects now: 1709.
Total: 6.099200 ms (FindLiveObjects: 0.498100 ms CreateObjectMapping: 0.341800 ms MarkObjects: 5.112000 ms  DeleteObjects: 0.143800 ms)

========================================================================
Received Prepare
Registering precompiled user dll's ...
Registered in 0.001797 seconds.
Begin MonoManager ReloadAssembly
Native extension for WindowsStandalone target not found
Refreshing native plugins compatible for Editor in 0.26 ms, found 0 plugins.
Preloading 0 native plugins for Editor in 0.00 ms.
Mono: successfully reloaded assembly
- Completed reload, in  1.844 seconds
Platform modules already initialized, skipping
Refreshing native plugins compatible for Editor in 0.88 ms, found 0 plugins.
Preloading 0 native plugins for Editor in 0.00 ms.
Unloading 1115 Unused Serialized files (Serialized files now loaded: 0)
System memory in use before: 62.9 MB.
System memory in use after: 63.0 MB.

Unloading 5 unused Assets to reduce memory usage. Loaded Objects now: 1712.
Total: 3.853800 ms (FindLiveObjects: 0.391400 ms CreateObjectMapping: 0.228500 ms MarkObjects: 3.119300 ms  DeleteObjects: 0.111600 ms)

========================================================================
Received Prepare
Registering precompiled user dll's ...
Registered in 0.005369 seconds.
Begin MonoManager ReloadAssembly
Native extension for WindowsStandalone target not found
Refreshing native plugins compatible for Editor in 0.34 ms, found 0 plugins.
Preloading 0 native plugins for Editor in 0.00 ms.
Mono: successfully reloaded assembly
- Completed reload, in  1.897 seconds
Platform modules already initialized, skipping
Refreshing native plugins compatible for Editor in 0.39 ms, found 0 plugins.
Preloading 0 native plugins for Editor in 0.00 ms.
Unloading 1115 Unused Serialized files (Serialized files now loaded: 0)
System memory in use before: 62.9 MB.
System memory in use after: 63.0 MB.

Unloading 5 unused Assets to reduce memory usage. Loaded Objects now: 1715.
Total: 2.215700 ms (FindLiveObjects: 0.276900 ms CreateObjectMapping: 0.082600 ms MarkObjects: 1.783800 ms  DeleteObjects: 0.070900 ms)

========================================================================
Received Prepare
Registering precompiled user dll's ...
Registered in 0.005155 seconds.
Begin MonoManager ReloadAssembly
Native extension for WindowsStandalone target not found
Refreshing native plugins compatible for Editor in 0.41 ms, found 0 plugins.
Preloading 0 native plugins for Editor in 0.00 ms.
Mono: successfully reloaded assembly
- Completed reload, in  1.939 seconds
Platform modules already initialized, skipping
Refreshing native plugins compatible for Editor in 0.53 ms, found 0 plugins.
Preloading 0 native plugins for Editor in 0.00 ms.
Unloading 1115 Unused Serialized files (Serialized files now loaded: 0)
System memory in use before: 62.9 MB.
System memory in use after: 63.0 MB.

Unloading 5 unused Assets to reduce memory usage. Loaded Objects now: 1718.
Total: 4.417900 ms (FindLiveObjects: 0.491200 ms CreateObjectMapping: 0.138300 ms MarkObjects: 3.661000 ms  DeleteObjects: 0.124600 ms)

========================================================================
Received Prepare
Registering precompiled user dll's ...
Registered in 0.002607 seconds.
Begin MonoManager ReloadAssembly
Native extension for WindowsStandalone target not found
Refreshing native plugins compatible for Editor in 0.50 ms, found 0 plugins.
Preloading 0 native plugins for Editor in 0.00 ms.
Mono: successfully reloaded assembly
- Completed reload, in  2.528 seconds
Platform modules already initialized, skipping
Refreshing native plugins compatible for Editor in 0.66 ms, found 0 plugins.
Preloading 0 native plugins for Editor in 0.00 ms.
Unloading 1115 Unused Serialized files (Serialized files now loaded: 0)
System memory in use before: 62.9 MB.
System memory in use after: 63.0 MB.

Unloading 5 unused Assets to reduce memory usage. Loaded Objects now: 1721.
Total: 3.778500 ms (FindLiveObjects: 0.601300 ms CreateObjectMapping: 0.160000 ms MarkObjects: 2.928400 ms  DeleteObjects: 0.085200 ms)

========================================================================
Received Prepare
Registering precompiled user dll's ...
Registered in 0.002066 seconds.
Begin MonoManager ReloadAssembly
Native extension for WindowsStandalone target not found
Refreshing native plugins compatible for Editor in 0.31 ms, found 0 plugins.
Preloading 0 native plugins for Editor in 0.00 ms.
Mono: successfully reloaded assembly
- Completed reload, in  1.853 seconds
Platform modules already initialized, skipping
Refreshing native plugins compatible for Editor in 0.42 ms, found 0 plugins.
Preloading 0 native plugins for Editor in 0.00 ms.
Unloading 1115 Unused Serialized files (Serialized files now loaded: 0)
System memory in use before: 62.9 MB.
System memory in use after: 63.0 MB.

Unloading 5 unused Assets to reduce memory usage. Loaded Objects now: 1724.
Total: 3.636900 ms (FindLiveObjects: 0.399800 ms CreateObjectMapping: 0.069900 ms MarkObjects: 3.004900 ms  DeleteObjects: 0.158600 ms)

========================================================================
Received Prepare
Registering precompiled user dll's ...
Registered in 0.002626 seconds.
Begin MonoManager ReloadAssembly
Native extension for WindowsStandalone target not found
Refreshing native plugins compatible for Editor in 0.27 ms, found 0 plugins.
Preloading 0 native plugins for Editor in 0.00 ms.
Mono: successfully reloaded assembly
- Completed reload, in  2.080 seconds
Platform modules already initialized, skipping
Refreshing native plugins compatible for Editor in 0.34 ms, found 0 plugins.
Preloading 0 native plugins for Editor in 0.00 ms.
Unloading 1115 Unused Serialized files (Serialized files now loaded: 0)
System memory in use before: 62.9 MB.
System memory in use after: 63.0 MB.

Unloading 5 unused Assets to reduce memory usage. Loaded Objects now: 1727.
Total: 4.849400 ms (FindLiveObjects: 0.597200 ms CreateObjectMapping: 0.465500 ms MarkObjects: 3.667900 ms  DeleteObjects: 0.115300 ms)

========================================================================
Received Prepare
Registering precompiled user dll's ...
Registered in 0.002706 seconds.
Begin MonoManager ReloadAssembly
Native extension for WindowsStandalone target not found
Refreshing native plugins compatible for Editor in 0.33 ms, found 0 plugins.
Preloading 0 native plugins for Editor in 0.00 ms.
Mono: successfully reloaded assembly
- Completed reload, in  1.674 seconds
Platform modules already initialized, skipping
Refreshing native plugins compatible for Editor in 0.42 ms, found 0 plugins.
Preloading 0 native plugins for Editor in 0.00 ms.
Unloading 1115 Unused Serialized files (Serialized files now loaded: 0)
System memory in use before: 63.0 MB.
System memory in use after: 63.0 MB.

Unloading 5 unused Assets to reduce memory usage. Loaded Objects now: 1730.
Total: 3.174200 ms (FindLiveObjects: 0.319900 ms CreateObjectMapping: 0.098600 ms MarkObjects: 2.663000 ms  DeleteObjects: 0.090500 ms)

========================================================================
Received Prepare
Refreshing native plugins compatible for Editor in 2.00 ms, found 0 plugins.
Preloading 0 native plugins for Editor in 0.00 ms.
Unloading 3 Unused Serialized files (Serialized files now loaded: 0)
System memory in use before: 40.9 MB.
System memory in use after: 41.0 MB.

Unloading 3 unused Assets to reduce memory usage. Loaded Objects now: 1730.
Total: 3.648600 ms (FindLiveObjects: 0.357400 ms CreateObjectMapping: 0.121800 ms MarkObjects: 3.067900 ms  DeleteObjects: 0.099000 ms)

========================================================================
Received Prepare
Refreshing native plugins compatible for Editor in 5.53 ms, found 0 plugins.
Preloading 0 native plugins for Editor in 0.00 ms.
Unloading 3 Unused Serialized files (Serialized files now loaded: 0)
System memory in use before: 41.1 MB.
System memory in use after: 41.1 MB.

Unloading 3 unused Assets to reduce memory usage. Loaded Objects now: 1730.
Total: 5.920800 ms (FindLiveObjects: 0.335000 ms CreateObjectMapping: 0.094400 ms MarkObjects: 5.351700 ms  DeleteObjects: 0.136900 ms)

========================================================================
Received Prepare
Refreshing native plugins compatible for Editor in 2.23 ms, found 0 plugins.
Preloading 0 native plugins for Editor in 0.00 ms.
Unloading 3 Unused Serialized files (Serialized files now loaded: 0)
System memory in use before: 41.1 MB.
System memory in use after: 41.1 MB.

Unloading 3 unused Assets to reduce memory usage. Loaded Objects now: 1730.
Total: 10.081000 ms (FindLiveObjects: 6.064300 ms CreateObjectMapping: 0.120800 ms MarkObjects: 3.767300 ms  DeleteObjects: 0.125200 ms)

========================================================================
Received Prepare
Registering precompiled user dll's ...
Registered in 0.001831 seconds.
Begin MonoManager ReloadAssembly
Native extension for WindowsStandalone target not found
Refreshing native plugins compatible for Editor in 0.27 ms, found 0 plugins.
Preloading 0 native plugins for Editor in 0.00 ms.
Mono: successfully reloaded assembly
- Completed reload, in  1.986 seconds
Platform modules already initialized, skipping
Refreshing native plugins compatible for Editor in 0.42 ms, found 0 plugins.
Preloading 0 native plugins for Editor in 0.00 ms.
Unloading 1115 Unused Serialized files (Serialized files now loaded: 0)
System memory in use before: 63.1 MB.
System memory in use after: 63.2 MB.

Unloading 5 unused Assets to reduce memory usage. Loaded Objects now: 1733.
Total: 6.495200 ms (FindLiveObjects: 2.302700 ms CreateObjectMapping: 0.169100 ms MarkObjects: 3.862000 ms  DeleteObjects: 0.157800 ms)

========================================================================
Received Import Request.
  Time since last request: 5786.663116 seconds.
  path: Assets/Vehicle_Essentials
  artifactKey: Guid(158a0b7191d4a7742a7308dce8a647b2) Importer(815301076,1909f56bfc062723c751e8b465ee728b)
Start importing Assets/Vehicle_Essentials using Guid(158a0b7191d4a7742a7308dce8a647b2) Importer(815301076,1909f56bfc062723c751e8b465ee728b)  -> (artifact id: '3be157481f0de284b90a67e8260cac9c') in 0.012764 seconds
  Import took 0.021725 seconds .

========================================================================
Received Import Request.
  Time since last request: 825.861562 seconds.
  path: Assets/Vehicle_Essentials/Vehicle_Car
  artifactKey: Guid(a67f6061740aa1d458cdc20bc1889bea) Importer(815301076,1909f56bfc062723c751e8b465ee728b)
Start importing Assets/Vehicle_Essentials/Vehicle_Car using Guid(a67f6061740aa1d458cdc20bc1889bea) Importer(815301076,1909f56bfc062723c751e8b465ee728b)  -> (artifact id: 'fa577deff18162f7ce0a963b88404ea6') in 0.016048 seconds
  Import took 0.022586 seconds .

========================================================================
Received Import Request.
  Time since last request: 0.698315 seconds.
  path: Assets/Vehicle_Essentials/Vehicle_Car/Vehicle_Car_Drive
  artifactKey: Guid(eb9a2e6015d9fe140a7e60ecd54c0be7) Importer(815301076,1909f56bfc062723c751e8b465ee728b)
Start importing Assets/Vehicle_Essentials/Vehicle_Car/Vehicle_Car_Drive using Guid(eb9a2e6015d9fe140a7e60ecd54c0be7) Importer(815301076,1909f56bfc062723c751e8b465ee728b)  -> (artifact id: '9c38b875aeb8255df4c1796909a4c845') in 0.013472 seconds
  Import took 0.017833 seconds .

========================================================================
Received Import Request.
  Time since last request: 1.093034 seconds.
  path: Assets/Vehicle_Essentials/Vehicle_Car/Vehicle_Car_Engine
  artifactKey: Guid(e4d76c4f275b1944e8fce6c2e2267103) Importer(815301076,1909f56bfc062723c751e8b465ee728b)
Start importing Assets/Vehicle_Essentials/Vehicle_Car/Vehicle_Car_Engine using Guid(e4d76c4f275b1944e8fce6c2e2267103) Importer(815301076,1909f56bfc062723c751e8b465ee728b)  -> (artifact id: 'e1bde0b7131583afc3af9d1d86711ef7') in 0.011027 seconds
  Import took 0.014893 seconds .

========================================================================
Received Import Request.
  Time since last request: 1.081266 seconds.
  path: Assets/Vehicle_Essentials/Vehicle_Car/Vehicle_Car_Drive/Vehicle_Car_Drive_Exterior_Loop.wav
  artifactKey: Guid(33d5f05eb46a3e345928831e0d00b15e) Importer(815301076,1909f56bfc062723c751e8b465ee728b)
Start importing Assets/Vehicle_Essentials/Vehicle_Car/Vehicle_Car_Drive/Vehicle_Car_Drive_Exterior_Loop.wav using Guid(33d5f05eb46a3e345928831e0d00b15e) Importer(815301076,1909f56bfc062723c751e8b465ee728b)  -> (artifact id: '3a2cd9b7091e5427672a51fc6dd92d5a') in 0.270666 seconds
  Import took 0.273966 seconds .

========================================================================
Received Import Request.
  Time since last request: 0.000974 seconds.
  path: Assets/Vehicle_Essentials/Vehicle_Car/Vehicle_Car_Drive/Vehicle_Car_Drive_Interior_Loop_02.wav
  artifactKey: Guid(32fa4aee1f1a82942a97c4b48e887fed) Importer(815301076,1909f56bfc062723c751e8b465ee728b)
Start importing Assets/Vehicle_Essentials/Vehicle_Car/Vehicle_Car_Drive/Vehicle_Car_Drive_Interior_Loop_02.wav using Guid(32fa4aee1f1a82942a97c4b48e887fed) Importer(815301076,1909f56bfc062723c751e8b465ee728b)  -> (artifact id: 'c14076e74263ef9ae6812be2b3898357') in 0.026883 seconds
  Import took 0.031930 seconds .

========================================================================
Received Import Request.
  Time since last request: 0.000378 seconds.
  path: Assets/Vehicle_Essentials/Vehicle_Car/Vehicle_Car_Drive/Vehicle_Car_Drive_Interior_Loop_01.wav
  artifactKey: Guid(a2433afdf39a6f842a45e18593605af0) Importer(815301076,1909f56bfc062723c751e8b465ee728b)
Start importing Assets/Vehicle_Essentials/Vehicle_Car/Vehicle_Car_Drive/Vehicle_Car_Drive_Interior_Loop_01.wav using Guid(a2433afdf39a6f842a45e18593605af0) Importer(815301076,1909f56bfc062723c751e8b465ee728b)  -> (artifact id: 'ea1d159112886d8d69b75c657aa040f2') in 0.028166 seconds
  Import took 0.033849 seconds .

========================================================================
Received Import Request.
  Time since last request: 0.000360 seconds.
  path: Assets/Vehicle_Essentials/Vehicle_Car/Vehicle_Car_Drive/Vehicle_Car_Drive_Interior_Loop_04.wav
  artifactKey: Guid(594c96bc024374641bdf1660a2622236) Importer(815301076,1909f56bfc062723c751e8b465ee728b)
Start importing Assets/Vehicle_Essentials/Vehicle_Car/Vehicle_Car_Drive/Vehicle_Car_Drive_Interior_Loop_04.wav using Guid(594c96bc024374641bdf1660a2622236) Importer(815301076,1909f56bfc062723c751e8b465ee728b)  -> (artifact id: 'b8db77faa5fb1a4d35046cfce834365f') in 0.022928 seconds
  Import took 0.028571 seconds .

========================================================================
Received Import Request.
  Time since last request: 0.000505 seconds.
  path: Assets/Vehicle_Essentials/Vehicle_Car/Vehicle_Car_Drive/Vehicle_Car_Drive_Interior_Loop_03.wav
  artifactKey: Guid(e1c2366a3a738e34bac7ebf0c85b3ab8) Importer(815301076,1909f56bfc062723c751e8b465ee728b)
Start importing Assets/Vehicle_Essentials/Vehicle_Car/Vehicle_Car_Drive/Vehicle_Car_Drive_Interior_Loop_03.wav using Guid(e1c2366a3a738e34bac7ebf0c85b3ab8) Importer(815301076,1909f56bfc062723c751e8b465ee728b)  -> (artifact id: '4dd006eb8d9a1a280d4909a2244c690e') in 0.030228 seconds
  Import took 0.034079 seconds .

========================================================================
Received Import Request.
  Time since last request: 0.000378 seconds.
  path: Assets/Vehicle_Essentials/Vehicle_Car/Vehicle_Car_Drive/Vehicle_Car_Drive_Exterior_Short_Loop.wav
  artifactKey: Guid(fcf7d281354eb6340bf006a9528281e4) Importer(815301076,1909f56bfc062723c751e8b465ee728b)
Start importing Assets/Vehicle_Essentials/Vehicle_Car/Vehicle_Car_Drive/Vehicle_Car_Drive_Exterior_Short_Loop.wav using Guid(fcf7d281354eb6340bf006a9528281e4) Importer(815301076,1909f56bfc062723c751e8b465ee728b)  -> (artifact id: '5309ab56d0062fd48e0d098e91dba0eb') in 0.028138 seconds
  Import took 0.033404 seconds .

========================================================================
Received Import Request.
  Time since last request: 45.014720 seconds.
  path: Assets/Vehicle_Essentials/Vehicle_Car/Vehicle_Car_Engine/Vehicle_Car_Engine_1000_RPM_Front_Exterior_Loop.wav
  artifactKey: Guid(7e7b0c25fa3a1bf4aa9f5e3ba907f49d) Importer(815301076,1909f56bfc062723c751e8b465ee728b)
Start importing Assets/Vehicle_Essentials/Vehicle_Car/Vehicle_Car_Engine/Vehicle_Car_Engine_1000_RPM_Front_Exterior_Loop.wav using Guid(7e7b0c25fa3a1bf4aa9f5e3ba907f49d) Importer(815301076,1909f56bfc062723c751e8b465ee728b)  -> (artifact id: 'f33e192820d3f720cf7e1f5ba09250ee') in 0.028029 seconds
  Import took 0.034597 seconds .

========================================================================
Received Import Request.
  Time since last request: 0.000351 seconds.
  path: Assets/Vehicle_Essentials/Vehicle_Car/Vehicle_Car_Engine/Vehicle_Car_Engine_Idle_Interior_Loop_03.wav
  artifactKey: Guid(701b37961e7d8a247920479c97974ac5) Importer(815301076,1909f56bfc062723c751e8b465ee728b)
Start importing Assets/Vehicle_Essentials/Vehicle_Car/Vehicle_Car_Engine/Vehicle_Car_Engine_Idle_Interior_Loop_03.wav using Guid(701b37961e7d8a247920479c97974ac5) Importer(815301076,1909f56bfc062723c751e8b465ee728b)  -> (artifact id: 'd00be5cfbfe54180ec2ae686188a0035') in 0.020700 seconds
  Import took 0.025001 seconds .

========================================================================
Received Import Request.
  Time since last request: 0.000463 seconds.
  path: Assets/Vehicle_Essentials/Vehicle_Car/Vehicle_Car_Engine/Vehicle_Car_Engine_2000_RPM_Rear_Exterior_Loop.wav
  artifactKey: Guid(bb4547b12a2dc5544bc90a0d6cfed265) Importer(815301076,1909f56bfc062723c751e8b465ee728b)
Start importing Assets/Vehicle_Essentials/Vehicle_Car/Vehicle_Car_Engine/Vehicle_Car_Engine_2000_RPM_Rear_Exterior_Loop.wav using Guid(bb4547b12a2dc5544bc90a0d6cfed265) Importer(815301076,1909f56bfc062723c751e8b465ee728b)  -> (artifact id: '9d32e62347a2ab8e65fe1adc7aa718af') in 0.037736 seconds
  Import took 0.042993 seconds .

========================================================================
Received Import Request.
  Time since last request: 0.000472 seconds.
  path: Assets/Vehicle_Essentials/Vehicle_Car/Vehicle_Car_Engine/Vehicle_Car_Engine_Idle_Exterior_Loop_01.wav
  artifactKey: Guid(2d4a8d45fbda47744a3a4789565d81f3) Importer(815301076,1909f56bfc062723c751e8b465ee728b)
Start importing Assets/Vehicle_Essentials/Vehicle_Car/Vehicle_Car_Engine/Vehicle_Car_Engine_Idle_Exterior_Loop_01.wav using Guid(2d4a8d45fbda47744a3a4789565d81f3) Importer(815301076,1909f56bfc062723c751e8b465ee728b)  -> (artifact id: '85c4b79911189b89536efb380c12eb88') in 0.024743 seconds
  Import took 0.028011 seconds .

========================================================================
Received Import Request.
  Time since last request: 0.000434 seconds.
  path: Assets/Vehicle_Essentials/Vehicle_Car/Vehicle_Car_Engine/Vehicle_Car_Engine_Idle_Interior_Loop_01.wav
  artifactKey: Guid(880154ee893c42e4bb927527285c107d) Importer(815301076,1909f56bfc062723c751e8b465ee728b)
Start importing Assets/Vehicle_Essentials/Vehicle_Car/Vehicle_Car_Engine/Vehicle_Car_Engine_Idle_Interior_Loop_01.wav using Guid(880154ee893c42e4bb927527285c107d) Importer(815301076,1909f56bfc062723c751e8b465ee728b)  -> (artifact id: '8246d1c4b98d5e13da304f2bffc66f44') in 0.031256 seconds
  Import took 0.034834 seconds .

========================================================================
Received Import Request.
  Time since last request: 0.000739 seconds.
  path: Assets/Vehicle_Essentials/Vehicle_Car/Vehicle_Car_Engine/Vehicle_Car_Engine_Idle_Interior_Loop_02.wav
  artifactKey: Guid(06ad1481583af784ea25643fd04c15bc) Importer(815301076,1909f56bfc062723c751e8b465ee728b)
Start importing Assets/Vehicle_Essentials/Vehicle_Car/Vehicle_Car_Engine/Vehicle_Car_Engine_Idle_Interior_Loop_02.wav using Guid(06ad1481583af784ea25643fd04c15bc) Importer(815301076,1909f56bfc062723c751e8b465ee728b)  -> (artifact id: '94bc6764d4e2182866ba85547e6246d9') in 0.030169 seconds
  Import took 0.034389 seconds .

========================================================================
Received Import Request.
  Time since last request: 0.000541 seconds.
  path: Assets/Vehicle_Essentials/Vehicle_Car/Vehicle_Car_Engine/Vehicle_Car_Engine_1000_RPM_Rear_Exterior_Loop.wav
  artifactKey: Guid(3c1c130f6e1be75418d305f8e478e0f0) Importer(815301076,1909f56bfc062723c751e8b465ee728b)
Start importing Assets/Vehicle_Essentials/Vehicle_Car/Vehicle_Car_Engine/Vehicle_Car_Engine_1000_RPM_Rear_Exterior_Loop.wav using Guid(3c1c130f6e1be75418d305f8e478e0f0) Importer(815301076,1909f56bfc062723c751e8b465ee728b)  -> (artifact id: '70c6250a110dfd15cea64552c500898c') in 0.031044 seconds
  Import took 0.037852 seconds .

========================================================================
Received Import Request.
  Time since last request: 0.000355 seconds.
  path: Assets/Vehicle_Essentials/Vehicle_Car/Vehicle_Car_Engine/Vehicle_Car_Start_Engine_Exterior.wav
  artifactKey: Guid(f90d2412cefca404cba80202baddb8d1) Importer(815301076,1909f56bfc062723c751e8b465ee728b)
Start importing Assets/Vehicle_Essentials/Vehicle_Car/Vehicle_Car_Engine/Vehicle_Car_Start_Engine_Exterior.wav using Guid(f90d2412cefca404cba80202baddb8d1) Importer(815301076,1909f56bfc062723c751e8b465ee728b)  -> (artifact id: '08d044bfa2ae28562d6d760d7c8a54f5') in 0.026341 seconds
  Import took 0.030336 seconds .

========================================================================
Received Import Request.
  Time since last request: 0.005960 seconds.
  path: Assets/Vehicle_Essentials/Vehicle_Car/Vehicle_Car_Engine/Vehicle_Car_Engine_2000_RPM_Front_Exterior_Loop.wav
  artifactKey: Guid(f33e229e82b35a44bb4113498f864db4) Importer(815301076,1909f56bfc062723c751e8b465ee728b)
Start importing Assets/Vehicle_Essentials/Vehicle_Car/Vehicle_Car_Engine/Vehicle_Car_Engine_2000_RPM_Front_Exterior_Loop.wav using Guid(f33e229e82b35a44bb4113498f864db4) Importer(815301076,1909f56bfc062723c751e8b465ee728b)  -> (artifact id: '893f2c222749c7efe6720de4d5171e04') in 0.030257 seconds
  Import took 0.034919 seconds .

========================================================================
Received Import Request.
  Time since last request: 0.000320 seconds.
  path: Assets/Vehicle_Essentials/Vehicle_Car/Vehicle_Car_Engine/Vehicle_Car_Engine_Idle_Exterior_Loop_02.wav
  artifactKey: Guid(595e65a4e00c2f14caec4adb74d0deea) Importer(815301076,1909f56bfc062723c751e8b465ee728b)
Start importing Assets/Vehicle_Essentials/Vehicle_Car/Vehicle_Car_Engine/Vehicle_Car_Engine_Idle_Exterior_Loop_02.wav using Guid(595e65a4e00c2f14caec4adb74d0deea) Importer(815301076,1909f56bfc062723c751e8b465ee728b)  -> (artifact id: 'c25cd49bfbf9ab1fa3a2290cec9b406a') in 0.026488 seconds
  Import took 0.029657 seconds .

========================================================================
Received Import Request.
  Time since last request: 0.000467 seconds.
  path: Assets/Vehicle_Essentials/Vehicle_Car/Vehicle_Car_Engine/Vehicle_Car_Stop_Engine_Exterior.wav
  artifactKey: Guid(f2c2effd47aa02342acdf226501387e8) Importer(815301076,1909f56bfc062723c751e8b465ee728b)
Start importing Assets/Vehicle_Essentials/Vehicle_Car/Vehicle_Car_Engine/Vehicle_Car_Stop_Engine_Exterior.wav using Guid(f2c2effd47aa02342acdf226501387e8) Importer(815301076,1909f56bfc062723c751e8b465ee728b)  -> (artifact id: 'eb13451e16b3fd66e3863ead44fd02f6') in 0.030744 seconds
  Import took 0.034510 seconds .

========================================================================
Received Import Request.
  Time since last request: 0.000407 seconds.
  path: Assets/Vehicle_Essentials/Vehicle_Car/Vehicle_Car_Engine/Vehicle_Car_Engine_Idle_Exterior_Loop_02.wav
  artifactKey: Guid(595e65a4e00c2f14caec4adb74d0deea) Importer(815301076,1909f56bfc062723c751e8b465ee728b)
Start importing Assets/Vehicle_Essentials/Vehicle_Car/Vehicle_Car_Engine/Vehicle_Car_Engine_Idle_Exterior_Loop_02.wav using Guid(595e65a4e00c2f14caec4adb74d0deea) Importer(815301076,1909f56bfc062723c751e8b465ee728b)  -> (artifact id: 'c25cd49bfbf9ab1fa3a2290cec9b406a') in 0.028632 seconds
  Import took 0.032909 seconds .

========================================================================
Received Import Request.
  Time since last request: 0.008927 seconds.
  path: Assets/Vehicle_Essentials/Vehicle_Car/Vehicle_Car_Engine/Vehicle_Car_Stop_Engine_Exterior.wav
  artifactKey: Guid(f2c2effd47aa02342acdf226501387e8) Importer(815301076,1909f56bfc062723c751e8b465ee728b)
Start importing Assets/Vehicle_Essentials/Vehicle_Car/Vehicle_Car_Engine/Vehicle_Car_Stop_Engine_Exterior.wav using Guid(f2c2effd47aa02342acdf226501387e8) Importer(815301076,1909f56bfc062723c751e8b465ee728b)  -> (artifact id: 'eb13451e16b3fd66e3863ead44fd02f6') in 0.024090 seconds
  Import took 0.028692 seconds .

========================================================================
Received Import Request.
  Time since last request: 10.947589 seconds.
  path: Assets/Vehicle_Essentials/Vehicle_Car/Vehicle_Car_Horns/Vehicle_Car_Horn_Exterior.wav
  artifactKey: Guid(0d34d6e748eb93042b0ff0bf1c6f120c) Importer(815301076,1909f56bfc062723c751e8b465ee728b)
Start importing Assets/Vehicle_Essentials/Vehicle_Car/Vehicle_Car_Horns/Vehicle_Car_Horn_Exterior.wav using Guid(0d34d6e748eb93042b0ff0bf1c6f120c) Importer(815301076,1909f56bfc062723c751e8b465ee728b)  -> (artifact id: '7126d57ab7565230d71989bba1cade94') in 0.020429 seconds
  Import took 0.023972 seconds .

========================================================================
Received Import Request.
  Time since last request: 0.000315 seconds.
  path: Assets/Vehicle_Essentials/Vehicle_Car/Vehicle_Car_Horns/Vehicle_Car_Horn_Interior.wav
  artifactKey: Guid(2577710ba2fedff49afe28b2b3710e9b) Importer(815301076,1909f56bfc062723c751e8b465ee728b)
Start importing Assets/Vehicle_Essentials/Vehicle_Car/Vehicle_Car_Horns/Vehicle_Car_Horn_Interior.wav using Guid(2577710ba2fedff49afe28b2b3710e9b) Importer(815301076,1909f56bfc062723c751e8b465ee728b)  -> (artifact id: 'e43ff74f4a08fadf1ce9558f456ee750') in 0.023439 seconds
  Import took 0.026436 seconds .

========================================================================
Received Import Request.
  Time since last request: 0.363963 seconds.
  path: Assets/Vehicle_Essentials/Vehicle_Car/Vehicle_Car_Warning/Vehicle_Car_Warning_Interior_Loop_01.wav
  artifactKey: Guid(e40a4d91b9832b541a01f7300a5f6c9b) Importer(815301076,1909f56bfc062723c751e8b465ee728b)
Start importing Assets/Vehicle_Essentials/Vehicle_Car/Vehicle_Car_Warning/Vehicle_Car_Warning_Interior_Loop_01.wav using Guid(e40a4d91b9832b541a01f7300a5f6c9b) Importer(815301076,1909f56bfc062723c751e8b465ee728b)  -> (artifact id: '2784afa2be3104503a3a04a9629d161b') in 0.022936 seconds
  Import took 0.026538 seconds .

========================================================================
Received Import Request.
  Time since last request: 0.000328 seconds.
  path: Assets/Vehicle_Essentials/Vehicle_Car/Vehicle_Car_Warning/Vehicle_Car_Warning_Interior_Loop_02.wav
  artifactKey: Guid(c35610a4b59635f4a90e0c62d6891645) Importer(815301076,1909f56bfc062723c751e8b465ee728b)
Start importing Assets/Vehicle_Essentials/Vehicle_Car/Vehicle_Car_Warning/Vehicle_Car_Warning_Interior_Loop_02.wav using Guid(c35610a4b59635f4a90e0c62d6891645) Importer(815301076,1909f56bfc062723c751e8b465ee728b)  -> (artifact id: '656a36ab5f54f9e031435eabe8318f2c') in 0.020773 seconds
  Import took 0.023593 seconds .

========================================================================
Received Import Request.
  Time since last request: 4.346734 seconds.
  path: Assets/Vehicle_Essentials/Vehicle_Van/Vehicle_Van_Body_Movement/Vehicle_Van_Body_Movement_Interior_01.wav
  artifactKey: Guid(c868e79704176fc4b999470f26ecf723) Importer(815301076,1909f56bfc062723c751e8b465ee728b)
Start importing Assets/Vehicle_Essentials/Vehicle_Van/Vehicle_Van_Body_Movement/Vehicle_Van_Body_Movement_Interior_01.wav using Guid(c868e79704176fc4b999470f26ecf723) Importer(815301076,1909f56bfc062723c751e8b465ee728b)  -> (artifact id: '450121d96c224229e41b599d564304fe') in 0.023158 seconds
  Import took 0.031977 seconds .

========================================================================
Received Import Request.
  Time since last request: 0.000353 seconds.
  path: Assets/Vehicle_Essentials/Vehicle_Van/Vehicle_Van_Body_Movement/Vehicle_Van_Body_Movement_Interior_03.wav
  artifactKey: Guid(5c871a674517fd74e914672551eaaba3) Importer(815301076,1909f56bfc062723c751e8b465ee728b)
Start importing Assets/Vehicle_Essentials/Vehicle_Van/Vehicle_Van_Body_Movement/Vehicle_Van_Body_Movement_Interior_03.wav using Guid(5c871a674517fd74e914672551eaaba3) Importer(815301076,1909f56bfc062723c751e8b465ee728b)  -> (artifact id: '3e6cb6875626b9a42de207276a9e6328') in 0.023018 seconds
  Import took 0.026545 seconds .

========================================================================
Received Import Request.
  Time since last request: 0.000351 seconds.
  path: Assets/Vehicle_Essentials/Vehicle_Van/Vehicle_Van_Body_Movement/Vehicle_Van_Body_Movement_Interior_02.wav
  artifactKey: Guid(2d0c542c16538874199c3b6829f34a26) Importer(815301076,1909f56bfc062723c751e8b465ee728b)
Start importing Assets/Vehicle_Essentials/Vehicle_Van/Vehicle_Van_Body_Movement/Vehicle_Van_Body_Movement_Interior_02.wav using Guid(2d0c542c16538874199c3b6829f34a26) Importer(815301076,1909f56bfc062723c751e8b465ee728b)  -> (artifact id: '543f62e9747b28c9ce1ac6fcdf14c897') in 0.019817 seconds
  Import took 0.026975 seconds .

========================================================================
Received Import Request.
  Time since last request: 0.000606 seconds.
  path: Assets/Vehicle_Essentials/Vehicle_Van/Vehicle_Van_Body_Movement/Vehicle_Van_Body_Movement_Interior_04.wav
  artifactKey: Guid(098dcf11e8074244d96528c89cd811ad) Importer(815301076,1909f56bfc062723c751e8b465ee728b)
Start importing Assets/Vehicle_Essentials/Vehicle_Van/Vehicle_Van_Body_Movement/Vehicle_Van_Body_Movement_Interior_04.wav using Guid(098dcf11e8074244d96528c89cd811ad) Importer(815301076,1909f56bfc062723c751e8b465ee728b)  -> (artifact id: 'da3b8960656d1e76be8897a6ff251f55') in 0.027986 seconds
  Import took 0.032310 seconds .

========================================================================
Received Import Request.
  Time since last request: 6.010708 seconds.
  path: Assets/Vehicle_Essentials/Vehicle_Van/Vehicle_Van_Drive/Vehicle_Van_Drive_Dirty_Ground_Exterior_Loop.wav
  artifactKey: Guid(97ac29d0d98da9247b39fcdee7c110ec) Importer(815301076,1909f56bfc062723c751e8b465ee728b)
Start importing Assets/Vehicle_Essentials/Vehicle_Van/Vehicle_Van_Drive/Vehicle_Van_Drive_Dirty_Ground_Exterior_Loop.wav using Guid(97ac29d0d98da9247b39fcdee7c110ec) Importer(815301076,1909f56bfc062723c751e8b465ee728b)  -> (artifact id: 'dc528e654e567938700afda0fefbe04a') in 0.033330 seconds
  Import took 0.140495 seconds .

========================================================================
Received Import Request.
  Time since last request: 0.001987 seconds.
  path: Assets/Vehicle_Essentials/Vehicle_Van/Vehicle_Van_Drive/Vehicle_Van_Drive_Exterior_Loop_01.wav
  artifactKey: Guid(63e19e295f741174f98649311d2dba9c) Importer(815301076,1909f56bfc062723c751e8b465ee728b)
Start importing Assets/Vehicle_Essentials/Vehicle_Van/Vehicle_Van_Drive/Vehicle_Van_Drive_Exterior_Loop_01.wav using Guid(63e19e295f741174f98649311d2dba9c) Importer(815301076,1909f56bfc062723c751e8b465ee728b)  -> (artifact id: 'd1804ee58c9fac98b7be81160ef160a5') in 0.050519 seconds
  Import took 0.058403 seconds .

========================================================================
Received Import Request.
  Time since last request: 0.000579 seconds.
  path: Assets/Vehicle_Essentials/Vehicle_Van/Vehicle_Van_Drive/Vehicle_Van_Drive_Grass_Exterior_Loop.wav
  artifactKey: Guid(e54eb95f3bbb6f24a83d139e67ccd1eb) Importer(815301076,1909f56bfc062723c751e8b465ee728b)
Start importing Assets/Vehicle_Essentials/Vehicle_Van/Vehicle_Van_Drive/Vehicle_Van_Drive_Grass_Exterior_Loop.wav using Guid(e54eb95f3bbb6f24a83d139e67ccd1eb) Importer(815301076,1909f56bfc062723c751e8b465ee728b)  -> (artifact id: 'e6a198cc1a308656b9c5f08c74bc3341') in 0.058440 seconds
  Import took 0.065538 seconds .

========================================================================
Received Import Request.
  Time since last request: 0.003287 seconds.
  path: Assets/Vehicle_Essentials/Vehicle_Van/Vehicle_Van_Drive/Vehicle_Van_Drive_Interior_Loop_01.wav
  artifactKey: Guid(8e9508c67d0bfb44b8bd84105b7c8429) Importer(815301076,1909f56bfc062723c751e8b465ee728b)
Start importing Assets/Vehicle_Essentials/Vehicle_Van/Vehicle_Van_Drive/Vehicle_Van_Drive_Interior_Loop_01.wav using Guid(8e9508c67d0bfb44b8bd84105b7c8429) Importer(815301076,1909f56bfc062723c751e8b465ee728b)  -> (artifact id: '18c16763ab3a0401ba5079db65ec215b') in 0.038331 seconds
  Import took 0.050138 seconds .

========================================================================
Received Import Request.
  Time since last request: 0.000690 seconds.
  path: Assets/Vehicle_Essentials/Vehicle_Van/Vehicle_Van_Drive/Vehicle_Van_Drive_Interior_Loop_02.wav
  artifactKey: Guid(79519d01cdcbca04bb4bec6ac022a593) Importer(815301076,1909f56bfc062723c751e8b465ee728b)
Start importing Assets/Vehicle_Essentials/Vehicle_Van/Vehicle_Van_Drive/Vehicle_Van_Drive_Interior_Loop_02.wav using Guid(79519d01cdcbca04bb4bec6ac022a593) Importer(815301076,1909f56bfc062723c751e8b465ee728b)  -> (artifact id: 'eb7b90294ed17c145846052614aff1f7') in 0.045225 seconds
  Import took 0.051138 seconds .

========================================================================
Received Import Request.
  Time since last request: 0.000868 seconds.
  path: Assets/Vehicle_Essentials/Vehicle_Van/Vehicle_Van_Drive/Vehicle_Van_Drive_Exterior_Loop_02.wav
  artifactKey: Guid(f9f4e3f34703a5a4a86b3d8286c1bbe7) Importer(815301076,1909f56bfc062723c751e8b465ee728b)
Start importing Assets/Vehicle_Essentials/Vehicle_Van/Vehicle_Van_Drive/Vehicle_Van_Drive_Exterior_Loop_02.wav using Guid(f9f4e3f34703a5a4a86b3d8286c1bbe7) Importer(815301076,1909f56bfc062723c751e8b465ee728b)  -> (artifact id: 'ea8e5f926d6944d9529ef51b611d1b0d') in 0.036802 seconds
  Import took 0.043609 seconds .

========================================================================
Received Import Request.
  Time since last request: 270.762389 seconds.
  path: Assets/Vehicle_Essentials/Vehicle_Van/Vehicle_Van_Engine/Vehicle_Van_Idle_Exterior_Front_Loop_01.wav
  artifactKey: Guid(1185051e252b2bd44923565eaf7de5ca) Importer(815301076,1909f56bfc062723c751e8b465ee728b)
Start importing Assets/Vehicle_Essentials/Vehicle_Van/Vehicle_Van_Engine/Vehicle_Van_Idle_Exterior_Front_Loop_01.wav using Guid(1185051e252b2bd44923565eaf7de5ca) Importer(815301076,1909f56bfc062723c751e8b465ee728b)  -> (artifact id: 'fba920219b51a969eae480626bfaa3cd') in 0.024540 seconds
  Import took 0.029166 seconds .

========================================================================
Received Import Request.
  Time since last request: 0.000446 seconds.
  path: Assets/Vehicle_Essentials/Vehicle_Van/Vehicle_Van_Engine/Vehicle_Van_Idle_Exterior_Rear_Loop_01.wav
  artifactKey: Guid(398d6d1462a926c4fb332bf0033c80bd) Importer(815301076,1909f56bfc062723c751e8b465ee728b)
Start importing Assets/Vehicle_Essentials/Vehicle_Van/Vehicle_Van_Engine/Vehicle_Van_Idle_Exterior_Rear_Loop_01.wav using Guid(398d6d1462a926c4fb332bf0033c80bd) Importer(815301076,1909f56bfc062723c751e8b465ee728b)  -> (artifact id: 'd0836be2f474e36a287e7fb07a1f038a') in 0.023387 seconds
  Import took 0.027438 seconds .

========================================================================
Received Import Request.
  Time since last request: 0.000505 seconds.
  path: Assets/Vehicle_Essentials/Vehicle_Van/Vehicle_Van_Engine/Vehicle_Van_Idle_Exterior_Front_Loop_02.wav
  artifactKey: Guid(e78aaf4bd5a9cd542a79238af5b8c7d1) Importer(815301076,1909f56bfc062723c751e8b465ee728b)
Start importing Assets/Vehicle_Essentials/Vehicle_Van/Vehicle_Van_Engine/Vehicle_Van_Idle_Exterior_Front_Loop_02.wav using Guid(e78aaf4bd5a9cd542a79238af5b8c7d1) Importer(815301076,1909f56bfc062723c751e8b465ee728b)  -> (artifact id: '1318c6448342ff7829cab29da0ae407f') in 0.026490 seconds
  Import took 0.030707 seconds .

========================================================================
Received Import Request.
  Time since last request: 0.000395 seconds.
  path: Assets/Vehicle_Essentials/Vehicle_Van/Vehicle_Van_Engine/Vehicle_Van_Idle_Exterior_Rear_Loop_02.wav
  artifactKey: Guid(0cee432430908ab4eb090997020f1a23) Importer(815301076,1909f56bfc062723c751e8b465ee728b)
Start importing Assets/Vehicle_Essentials/Vehicle_Van/Vehicle_Van_Engine/Vehicle_Van_Idle_Exterior_Rear_Loop_02.wav using Guid(0cee432430908ab4eb090997020f1a23) Importer(815301076,1909f56bfc062723c751e8b465ee728b)  -> (artifact id: '011db505c939691a47b96e7f71db8c6d') in 0.025994 seconds
  Import took 0.030931 seconds .

========================================================================
Received Prepare
Registering precompiled user dll's ...
Registered in 0.005161 seconds.
Begin MonoManager ReloadAssembly
Native extension for WindowsStandalone target not found
Refreshing native plugins compatible for Editor in 0.49 ms, found 0 plugins.
Preloading 0 native plugins for Editor in 0.00 ms.
Mono: successfully reloaded assembly
- Completed reload, in  2.205 seconds
Platform modules already initialized, skipping
Refreshing native plugins compatible for Editor in 0.52 ms, found 0 plugins.
Preloading 0 native plugins for Editor in 0.00 ms.
Unloading 1115 Unused Serialized files (Serialized files now loaded: 0)
System memory in use before: 63.2 MB.
System memory in use after: 63.3 MB.

Unloading 5 unused Assets to reduce memory usage. Loaded Objects now: 1739.
Total: 3.995900 ms (FindLiveObjects: 0.447900 ms CreateObjectMapping: 0.129600 ms MarkObjects: 3.195800 ms  DeleteObjects: 0.219600 ms)

========================================================================
Received Prepare
Registering precompiled user dll's ...
Registered in 0.001970 seconds.
Begin MonoManager ReloadAssembly
Native extension for WindowsStandalone target not found
Refreshing native plugins compatible for Editor in 0.22 ms, found 0 plugins.
Preloading 0 native plugins for Editor in 0.00 ms.
Mono: successfully reloaded assembly
- Completed reload, in  1.477 seconds
Platform modules already initialized, skipping
Refreshing native plugins compatible for Editor in 0.27 ms, found 0 plugins.
Preloading 0 native plugins for Editor in 0.00 ms.
Unloading 1115 Unused Serialized files (Serialized files now loaded: 0)
System memory in use before: 63.2 MB.
System memory in use after: 63.3 MB.

Unloading 5 unused Assets to reduce memory usage. Loaded Objects now: 1742.
Total: 1.827700 ms (FindLiveObjects: 0.194600 ms CreateObjectMapping: 0.043200 ms MarkObjects: 1.519800 ms  DeleteObjects: 0.068100 ms)

========================================================================
Received Prepare
Registering precompiled user dll's ...
Registered in 0.001798 seconds.
Begin MonoManager ReloadAssembly
Native extension for WindowsStandalone target not found
Refreshing native plugins compatible for Editor in 0.27 ms, found 0 plugins.
Preloading 0 native plugins for Editor in 0.00 ms.
Mono: successfully reloaded assembly
- Completed reload, in  1.400 seconds
Platform modules already initialized, skipping
Refreshing native plugins compatible for Editor in 0.25 ms, found 0 plugins.
Preloading 0 native plugins for Editor in 0.00 ms.
Unloading 1115 Unused Serialized files (Serialized files now loaded: 0)
System memory in use before: 63.2 MB.
System memory in use after: 63.3 MB.

Unloading 5 unused Assets to reduce memory usage. Loaded Objects now: 1745.
Total: 2.450600 ms (FindLiveObjects: 0.428400 ms CreateObjectMapping: 0.113400 ms MarkObjects: 1.832600 ms  DeleteObjects: 0.074200 ms)

========================================================================
Received Prepare
Registering precompiled user dll's ...
Registered in 0.002344 seconds.
Begin MonoManager ReloadAssembly
Native extension for WindowsStandalone target not found
Refreshing native plugins compatible for Editor in 0.46 ms, found 0 plugins.
Preloading 0 native plugins for Editor in 0.00 ms.
Mono: successfully reloaded assembly
- Completed reload, in  1.568 seconds
Platform modules already initialized, skipping
Refreshing native plugins compatible for Editor in 0.26 ms, found 0 plugins.
Preloading 0 native plugins for Editor in 0.00 ms.
Unloading 1115 Unused Serialized files (Serialized files now loaded: 0)
System memory in use before: 63.2 MB.
System memory in use after: 63.3 MB.

Unloading 5 unused Assets to reduce memory usage. Loaded Objects now: 1748.
Total: 2.109200 ms (FindLiveObjects: 0.205600 ms CreateObjectMapping: 0.046400 ms MarkObjects: 1.754400 ms  DeleteObjects: 0.100900 ms)

========================================================================
Received Prepare
Registering precompiled user dll's ...
Registered in 0.002167 seconds.
Begin MonoManager ReloadAssembly
Native extension for WindowsStandalone target not found
Refreshing native plugins compatible for Editor in 0.45 ms, found 0 plugins.
Preloading 0 native plugins for Editor in 0.00 ms.
Mono: successfully reloaded assembly
- Completed reload, in  1.467 seconds
Platform modules already initialized, skipping
Refreshing native plugins compatible for Editor in 0.35 ms, found 0 plugins.
Preloading 0 native plugins for Editor in 0.00 ms.
Unloading 1115 Unused Serialized files (Serialized files now loaded: 0)
System memory in use before: 63.3 MB.
System memory in use after: 63.3 MB.

Unloading 5 unused Assets to reduce memory usage. Loaded Objects now: 1751.
Total: 2.155800 ms (FindLiveObjects: 0.261600 ms CreateObjectMapping: 0.054400 ms MarkObjects: 1.735300 ms  DeleteObjects: 0.103100 ms)

========================================================================
Received Prepare
Registering precompiled user dll's ...
Registered in 0.002069 seconds.
Begin MonoManager ReloadAssembly
Native extension for WindowsStandalone target not found
Refreshing native plugins compatible for Editor in 0.40 ms, found 0 plugins.
Preloading 0 native plugins for Editor in 0.00 ms.
Mono: successfully reloaded assembly
- Completed reload, in  1.576 seconds
Platform modules already initialized, skipping
Refreshing native plugins compatible for Editor in 0.45 ms, found 0 plugins.
Preloading 0 native plugins for Editor in 0.00 ms.
Unloading 1115 Unused Serialized files (Serialized files now loaded: 0)
System memory in use before: 63.3 MB.
System memory in use after: 63.3 MB.

Unloading 5 unused Assets to reduce memory usage. Loaded Objects now: 1754.
Total: 2.432400 ms (FindLiveObjects: 0.204800 ms CreateObjectMapping: 0.061200 ms MarkObjects: 2.084000 ms  DeleteObjects: 0.080500 ms)

========================================================================
Received Prepare
Registering precompiled user dll's ...
Registered in 0.002649 seconds.
Begin MonoManager ReloadAssembly
Native extension for WindowsStandalone target not found
Refreshing native plugins compatible for Editor in 0.26 ms, found 0 plugins.
Preloading 0 native plugins for Editor in 0.00 ms.
Mono: successfully reloaded assembly
- Completed reload, in  1.303 seconds
Platform modules already initialized, skipping
Refreshing native plugins compatible for Editor in 0.28 ms, found 0 plugins.
Preloading 0 native plugins for Editor in 0.00 ms.
Unloading 1115 Unused Serialized files (Serialized files now loaded: 0)
System memory in use before: 63.3 MB.
System memory in use after: 63.3 MB.

Unloading 5 unused Assets to reduce memory usage. Loaded Objects now: 1757.
Total: 3.462500 ms (FindLiveObjects: 0.649800 ms CreateObjectMapping: 0.103100 ms MarkObjects: 2.583300 ms  DeleteObjects: 0.123900 ms)

========================================================================
Received Prepare
Registering precompiled user dll's ...
Registered in 0.002259 seconds.
Begin MonoManager ReloadAssembly
Native extension for WindowsStandalone target not found
Refreshing native plugins compatible for Editor in 0.41 ms, found 0 plugins.
Preloading 0 native plugins for Editor in 0.00 ms.
Mono: successfully reloaded assembly
- Completed reload, in  1.312 seconds
Platform modules already initialized, skipping
Refreshing native plugins compatible for Editor in 0.25 ms, found 0 plugins.
Preloading 0 native plugins for Editor in 0.00 ms.
Unloading 1115 Unused Serialized files (Serialized files now loaded: 0)
System memory in use before: 63.3 MB.
System memory in use after: 63.3 MB.

Unloading 5 unused Assets to reduce memory usage. Loaded Objects now: 1760.
Total: 2.671500 ms (FindLiveObjects: 0.471700 ms CreateObjectMapping: 0.113800 ms MarkObjects: 2.008200 ms  DeleteObjects: 0.075300 ms)

========================================================================
Received Prepare
Registering precompiled user dll's ...
Registered in 0.002263 seconds.
Begin MonoManager ReloadAssembly
Native extension for WindowsStandalone target not found
Refreshing native plugins compatible for Editor in 0.45 ms, found 0 plugins.
Preloading 0 native plugins for Editor in 0.00 ms.
Mono: successfully reloaded assembly
- Completed reload, in  1.839 seconds
Platform modules already initialized, skipping
Refreshing native plugins compatible for Editor in 0.41 ms, found 0 plugins.
Preloading 0 native plugins for Editor in 0.00 ms.
Unloading 1115 Unused Serialized files (Serialized files now loaded: 0)
System memory in use before: 63.3 MB.
System memory in use after: 63.4 MB.

Unloading 5 unused Assets to reduce memory usage. Loaded Objects now: 1763.
Total: 2.728800 ms (FindLiveObjects: 0.292100 ms CreateObjectMapping: 0.132000 ms MarkObjects: 2.195500 ms  DeleteObjects: 0.107000 ms)

========================================================================
Received Prepare
Registering precompiled user dll's ...
Registered in 0.001963 seconds.
Begin MonoManager ReloadAssembly
Native extension for WindowsStandalone target not found
Refreshing native plugins compatible for Editor in 0.39 ms, found 0 plugins.
Preloading 0 native plugins for Editor in 0.00 ms.
Mono: successfully reloaded assembly
- Completed reload, in  1.676 seconds
Platform modules already initialized, skipping
Refreshing native plugins compatible for Editor in 0.27 ms, found 0 plugins.
Preloading 0 native plugins for Editor in 0.00 ms.
Unloading 1115 Unused Serialized files (Serialized files now loaded: 0)
System memory in use before: 63.3 MB.
System memory in use after: 63.4 MB.

Unloading 5 unused Assets to reduce memory usage. Loaded Objects now: 1766.
Total: 2.064900 ms (FindLiveObjects: 0.199800 ms CreateObjectMapping: 0.041200 ms MarkObjects: 1.752500 ms  DeleteObjects: 0.069800 ms)

========================================================================
Received Prepare
Registering precompiled user dll's ...
Registered in 0.002087 seconds.
Begin MonoManager ReloadAssembly
Native extension for WindowsStandalone target not found
Refreshing native plugins compatible for Editor in 0.24 ms, found 0 plugins.
Preloading 0 native plugins for Editor in 0.00 ms.
Mono: successfully reloaded assembly
- Completed reload, in  1.279 seconds
Platform modules already initialized, skipping
Refreshing native plugins compatible for Editor in 0.24 ms, found 0 plugins.
Preloading 0 native plugins for Editor in 0.00 ms.
Unloading 1115 Unused Serialized files (Serialized files now loaded: 0)
System memory in use before: 63.3 MB.
System memory in use after: 63.4 MB.

Unloading 5 unused Assets to reduce memory usage. Loaded Objects now: 1769.
Total: 2.310800 ms (FindLiveObjects: 0.242000 ms CreateObjectMapping: 0.080300 ms MarkObjects: 1.913300 ms  DeleteObjects: 0.073700 ms)

========================================================================
Received Prepare
Registering precompiled user dll's ...
Registered in 0.002257 seconds.
Begin MonoManager ReloadAssembly
Native extension for WindowsStandalone target not found
Refreshing native plugins compatible for Editor in 0.26 ms, found 0 plugins.
Preloading 0 native plugins for Editor in 0.00 ms.
Mono: successfully reloaded assembly
- Completed reload, in  1.230 seconds
Platform modules already initialized, skipping
Refreshing native plugins compatible for Editor in 0.23 ms, found 0 plugins.
Preloading 0 native plugins for Editor in 0.00 ms.
Unloading 1115 Unused Serialized files (Serialized files now loaded: 0)
System memory in use before: 63.3 MB.
System memory in use after: 63.4 MB.

Unloading 5 unused Assets to reduce memory usage. Loaded Objects now: 1772.
Total: 1.926900 ms (FindLiveObjects: 0.316600 ms CreateObjectMapping: 0.076400 ms MarkObjects: 1.473900 ms  DeleteObjects: 0.058600 ms)

========================================================================
Received Import Request.
  Time since last request: 5842.101322 seconds.
  path: Assets/Materials/Intersection.png
  artifactKey: Guid(aceea3d8fdd1a104da2e99be5f034e77) Importer(815301076,1909f56bfc062723c751e8b465ee728b)
Start importing Assets/Materials/Intersection.png using Guid(aceea3d8fdd1a104da2e99be5f034e77) Importer(815301076,1909f56bfc062723c751e8b465ee728b)  -> (artifact id: 'c2e4a3f1e1bcd5923e729dbdfffcb80d') in 0.080932 seconds
  Import took 0.083807 seconds .

========================================================================
Received Prepare
Registering precompiled user dll's ...
Registered in 0.002266 seconds.
Begin MonoManager ReloadAssembly
Native extension for WindowsStandalone target not found
Refreshing native plugins compatible for Editor in 0.25 ms, found 0 plugins.
Preloading 0 native plugins for Editor in 0.00 ms.
Mono: successfully reloaded assembly
- Completed reload, in  1.297 seconds
Platform modules already initialized, skipping
Refreshing native plugins compatible for Editor in 0.25 ms, found 0 plugins.
Preloading 0 native plugins for Editor in 0.00 ms.
Unloading 1115 Unused Serialized files (Serialized files now loaded: 0)
System memory in use before: 63.3 MB.
System memory in use after: 63.4 MB.

Unloading 5 unused Assets to reduce memory usage. Loaded Objects now: 1775.
Total: 2.042300 ms (FindLiveObjects: 0.240200 ms CreateObjectMapping: 0.059000 ms MarkObjects: 1.675200 ms  DeleteObjects: 0.065900 ms)

========================================================================
Received Import Request.
  Time since last request: 344.557329 seconds.
  path: Assets/Materials/Materials
  artifactKey: Guid(f852384d585c96c4995fa061e8e08e6a) Importer(815301076,1909f56bfc062723c751e8b465ee728b)
Start importing Assets/Materials/Materials using Guid(f852384d585c96c4995fa061e8e08e6a) Importer(815301076,1909f56bfc062723c751e8b465ee728b)  -> (artifact id: '77d4a54129b3fffa748980e5c6cbe96a') in 0.009527 seconds
  Import took 0.012870 seconds .

========================================================================
Received Import Request.
  Time since last request: 0.060502 seconds.
  path: Assets/Materials/Materials/Intersection.mat
  artifactKey: Guid(20be0dd88bcffca4bb992651510a2794) Importer(815301076,1909f56bfc062723c751e8b465ee728b)
Start importing Assets/Materials/Materials/Intersection.mat using Guid(20be0dd88bcffca4bb992651510a2794) Importer(815301076,1909f56bfc062723c751e8b465ee728b)  -> (artifact id: '53540565d1e005f3dd1edb3614f20d1c') in 0.093522 seconds
  Import took 0.097293 seconds .

========================================================================
Received Import Request.
  Time since last request: 9.445437 seconds.
  path: Assets/Materials/Intersection.png
  artifactKey: Guid(aceea3d8fdd1a104da2e99be5f034e77) Importer(815301076,1909f56bfc062723c751e8b465ee728b)
Start importing Assets/Materials/Intersection.png using Guid(aceea3d8fdd1a104da2e99be5f034e77) Importer(815301076,1909f56bfc062723c751e8b465ee728b)  -> (artifact id: '458a07cb8db2eb912e278b656e5cdf8b') in 0.036555 seconds
  Import took 0.039886 seconds .

========================================================================
Received Prepare
Registering precompiled user dll's ...
Registered in 0.002508 seconds.
Begin MonoManager ReloadAssembly
Native extension for WindowsStandalone target not found
Refreshing native plugins compatible for Editor in 0.24 ms, found 0 plugins.
Preloading 0 native plugins for Editor in 0.00 ms.
Mono: successfully reloaded assembly
- Completed reload, in  1.240 seconds
Platform modules already initialized, skipping
Refreshing native plugins compatible for Editor in 0.40 ms, found 0 plugins.
Preloading 0 native plugins for Editor in 0.00 ms.
Unloading 1115 Unused Serialized files (Serialized files now loaded: 0)
System memory in use before: 63.3 MB.
System memory in use after: 63.4 MB.

Unloading 5 unused Assets to reduce memory usage. Loaded Objects now: 1779.
Total: 3.675400 ms (FindLiveObjects: 0.293900 ms CreateObjectMapping: 0.065800 ms MarkObjects: 3.207200 ms  DeleteObjects: 0.106500 ms)

========================================================================
Received Prepare
Registering precompiled user dll's ...
Registered in 0.002626 seconds.
Begin MonoManager ReloadAssembly
Native extension for WindowsStandalone target not found
Refreshing native plugins compatible for Editor in 0.25 ms, found 0 plugins.
Preloading 0 native plugins for Editor in 0.00 ms.
Mono: successfully reloaded assembly
- Completed reload, in  1.168 seconds
Platform modules already initialized, skipping
Refreshing native plugins compatible for Editor in 0.31 ms, found 0 plugins.
Preloading 0 native plugins for Editor in 0.00 ms.
Unloading 1115 Unused Serialized files (Serialized files now loaded: 0)
System memory in use before: 63.3 MB.
System memory in use after: 63.4 MB.

Unloading 5 unused Assets to reduce memory usage. Loaded Objects now: 1782.
Total: 2.468200 ms (FindLiveObjects: 0.265200 ms CreateObjectMapping: 0.063200 ms MarkObjects: 2.054000 ms  DeleteObjects: 0.084000 ms)

========================================================================
Received Prepare
Registering precompiled user dll's ...
Registered in 0.002284 seconds.
Begin MonoManager ReloadAssembly
Native extension for WindowsStandalone target not found
Refreshing native plugins compatible for Editor in 0.24 ms, found 0 plugins.
Preloading 0 native plugins for Editor in 0.00 ms.
Mono: successfully reloaded assembly
- Completed reload, in  1.252 seconds
Platform modules already initialized, skipping
Refreshing native plugins compatible for Editor in 0.44 ms, found 0 plugins.
Preloading 0 native plugins for Editor in 0.00 ms.
Unloading 1115 Unused Serialized files (Serialized files now loaded: 0)
System memory in use before: 63.3 MB.
System memory in use after: 63.4 MB.

Unloading 5 unused Assets to reduce memory usage. Loaded Objects now: 1785.
Total: 2.452500 ms (FindLiveObjects: 0.269000 ms CreateObjectMapping: 0.076900 ms MarkObjects: 2.025800 ms  DeleteObjects: 0.075600 ms)

========================================================================
Received Prepare
Registering precompiled user dll's ...
Registered in 0.002007 seconds.
Begin MonoManager ReloadAssembly
Native extension for WindowsStandalone target not found
Refreshing native plugins compatible for Editor in 0.26 ms, found 0 plugins.
Preloading 0 native plugins for Editor in 0.00 ms.
Mono: successfully reloaded assembly
- Completed reload, in  1.209 seconds
Platform modules already initialized, skipping
Refreshing native plugins compatible for Editor in 0.24 ms, found 0 plugins.
Preloading 0 native plugins for Editor in 0.00 ms.
Unloading 1115 Unused Serialized files (Serialized files now loaded: 0)
System memory in use before: 63.3 MB.
System memory in use after: 63.4 MB.

Unloading 5 unused Assets to reduce memory usage. Loaded Objects now: 1788.
Total: 1.981100 ms (FindLiveObjects: 0.189100 ms CreateObjectMapping: 0.055700 ms MarkObjects: 1.667400 ms  DeleteObjects: 0.067700 ms)

========================================================================
Received Prepare
Registering precompiled user dll's ...
Registered in 0.002079 seconds.
Begin MonoManager ReloadAssembly
Native extension for WindowsStandalone target not found
Refreshing native plugins compatible for Editor in 0.28 ms, found 0 plugins.
Preloading 0 native plugins for Editor in 0.00 ms.
Mono: successfully reloaded assembly
- Completed reload, in  1.107 seconds
Platform modules already initialized, skipping
Refreshing native plugins compatible for Editor in 0.25 ms, found 0 plugins.
Preloading 0 native plugins for Editor in 0.00 ms.
Unloading 1115 Unused Serialized files (Serialized files now loaded: 0)
System memory in use before: 63.3 MB.
System memory in use after: 63.4 MB.

Unloading 5 unused Assets to reduce memory usage. Loaded Objects now: 1791.
Total: 1.915100 ms (FindLiveObjects: 0.246200 ms CreateObjectMapping: 0.049000 ms MarkObjects: 1.550400 ms  DeleteObjects: 0.067600 ms)

========================================================================
Received Prepare
Registering precompiled user dll's ...
Registered in 0.001634 seconds.
Begin MonoManager ReloadAssembly
Native extension for WindowsStandalone target not found
Refreshing native plugins compatible for Editor in 0.31 ms, found 0 plugins.
Preloading 0 native plugins for Editor in 0.00 ms.
Mono: successfully reloaded assembly
- Completed reload, in  1.073 seconds
Platform modules already initialized, skipping
Refreshing native plugins compatible for Editor in 0.22 ms, found 0 plugins.
Preloading 0 native plugins for Editor in 0.00 ms.
Unloading 1115 Unused Serialized files (Serialized files now loaded: 0)
System memory in use before: 63.3 MB.
System memory in use after: 63.4 MB.

Unloading 5 unused Assets to reduce memory usage. Loaded Objects now: 1794.
Total: 1.963100 ms (FindLiveObjects: 0.192500 ms CreateObjectMapping: 0.064700 ms MarkObjects: 1.621400 ms  DeleteObjects: 0.083400 ms)

========================================================================
Received Prepare
Refreshing native plugins compatible for Editor in 1.96 ms, found 0 plugins.
Preloading 0 native plugins for Editor in 0.00 ms.
Unloading 3 Unused Serialized files (Serialized files now loaded: 0)
System memory in use before: 41.3 MB.
System memory in use after: 41.4 MB.

Unloading 3 unused Assets to reduce memory usage. Loaded Objects now: 1794.
Total: 3.540500 ms (FindLiveObjects: 0.367400 ms CreateObjectMapping: 0.116900 ms MarkObjects: 2.956500 ms  DeleteObjects: 0.097200 ms)

AssetImportWorkerClient::OnTransportError - code=2 error=End of file
